#
# There is insufficient memory for the Java Runtime Environment to continue.
# Native memory allocation (malloc) failed to allocate 2097152 bytes for AllocateHeap
# Possible reasons:
#   The system is out of physical RAM or swap space
#   The process is running with CompressedOops enabled, and the Java Heap may be blocking the growth of the native heap
# Possible solutions:
#   Reduce memory load on the system
#   Increase physical memory or swap space
#   Check if swap backing store is full
#   Decrease Java heap size (-Xmx/-Xms)
#   Decrease number of Java threads
#   Decrease Java thread stack sizes (-Xss)
#   Set larger code cache with -XX:ReservedCodeCacheSize=
#   JVM is running with Zero Based Compressed Oops mode in which the Java heap is
#     placed in the first 32GB address space. The Java Heap base address is the
#     maximum limit for the native heap growth. Please use -XX:HeapBaseMinAddress
#     to set the Java Heap base and to place the Java Heap above 32GB virtual address.
# This output file may be truncated or incomplete.
#
#  Out of Memory Error (./src/hotspot/share/memory/allocation.cpp:46), pid=5720, tid=3000
#
# JRE version: OpenJDK Runtime Environment AdoptOpenJDK (11.0.10+9) (build 11.0.10+9)
# Java VM: OpenJDK 64-Bit Server VM AdoptOpenJDK (11.0.10+9, mixed mode, tiered, compressed oops, g1 gc, windows-amd64)
# No core dump will be written. Minidumps are not enabled by default on client versions of Windows
#

---------------  S U M M A R Y ------------

Command Line: -XX:MaxGCPauseMillis=50 -agentlib:jdwp=transport=dt_shmem,address=javadebug -Dfile.encoding=UTF-8 bluej.runtime.ExecServer UTF-8

Host: Intel(R) Core(TM) i7-7700 CPU @ 3.60GHz, 8 cores, 15G,  Windows 10 , 64 bit Build 19041 (10.0.19041.1151)
Time: Wed Nov 17 14:26:28 2021 Eastern Standard Time elapsed time: 915.184769 seconds (0d 0h 15m 15s)

---------------  T H R E A D  ---------------

Current thread (0x000001fbd8409000):  VMThread "VM Thread" [stack: 0x00000033cde00000,0x00000033cdf00000] [id=3000]

Stack: [0x00000033cde00000,0x00000033cdf00000]
[error occurred during error reporting (printing stack bounds), id 0xc0000005, EXCEPTION_ACCESS_VIOLATION (0xc0000005) at pc=0x000001fbbcea0f2d]

Native frames: (J=compiled Java code, j=interpreted, Vv=VM code, C=native code)
V  [jvm.dll+0x5f35ea]
V  [jvm.dll+0x77c65e]
V  [jvm.dll+0x77dd2f]
V  [jvm.dll+0x77e355]
V  [jvm.dll+0x77e30b]
V  [jvm.dll+0x5f2ad3]
V  [jvm.dll+0x5f31e8]
C  [ntdll.dll+0xa217f]
C  [ntdll.dll+0x51454]
C  [ntdll.dll+0xa0cae]
C  0x000001fbbcea0f2d

VM_Operation (0x00000033d01feac0): G1CollectFull, mode: safepoint, requested by thread 0x000001fbda6c2000


---------------  P R O C E S S  ---------------

Threads class SMR info:
_java_thread_list=0x000001fbd98fcfa0, length=23, elements={
0x000001fbd840e800, 0x000001fbd8410000, 0x000001fbd8d13800, 0x000001fbd8d15800,
0x000001fbd8d18800, 0x000001fbd8d26000, 0x000001fbd8d2a800, 0x000001fbd8d35000,
0x000001fbd8eb4800, 0x000001fbd8ec4000, 0x000001fbd8ec5000, 0x000001fbd8eef000,
0x000001fbd94a8000, 0x000001fbd94aa000, 0x000001fbd9469000, 0x000001fbb47be000,
0x000001fbd97f8800, 0x000001fbd974b000, 0x000001fbdabcb000, 0x000001fbda6c1000,
0x000001fbda6bf800, 0x000001fbda6c2000, 0x000001fbda6be800
}

Java Threads: ( => current thread )
  0x000001fbd840e800 JavaThread "Reference Handler" daemon [_thread_blocked, id=10484, stack(0x00000033cdf00000,0x00000033ce000000)]
  0x000001fbd8410000 JavaThread "Finalizer" daemon [_thread_blocked, id=4428, stack(0x00000033ce000000,0x00000033ce100000)]
  0x000001fbd8d13800 JavaThread "Signal Dispatcher" daemon [_thread_blocked, id=6940, stack(0x00000033ce100000,0x00000033ce200000)]
  0x000001fbd8d15800 JavaThread "Attach Listener" daemon [_thread_blocked, id=8848, stack(0x00000033ce200000,0x00000033ce300000)]
  0x000001fbd8d18800 JavaThread "Service Thread" daemon [_thread_blocked, id=7316, stack(0x00000033ce300000,0x00000033ce400000)]
  0x000001fbd8d26000 JavaThread "C2 CompilerThread0" daemon [_thread_blocked, id=13476, stack(0x00000033ce400000,0x00000033ce500000)]
  0x000001fbd8d2a800 JavaThread "C1 CompilerThread0" daemon [_thread_blocked, id=11624, stack(0x00000033ce500000,0x00000033ce600000)]
  0x000001fbd8d35000 JavaThread "Sweeper thread" daemon [_thread_blocked, id=10884, stack(0x00000033ce600000,0x00000033ce700000)]
  0x000001fbd8eb4800 JavaThread "JDWP Transport Listener: dt_shmem" daemon [_thread_blocked, id=12684, stack(0x00000033ce700000,0x00000033ce800000)]
  0x000001fbd8ec4000 JavaThread "JDWP Event Helper Thread" daemon [_thread_blocked, id=13376, stack(0x00000033ce800000,0x00000033ce900000)]
  0x000001fbd8ec5000 JavaThread "JDWP Command Reader" daemon [_thread_in_native, id=10528, stack(0x00000033ce900000,0x00000033cea00000)]
  0x000001fbd8eef000 JavaThread "Common-Cleaner" daemon [_thread_blocked, id=7560, stack(0x00000033ceb00000,0x00000033cec00000)]
  0x000001fbd94a8000 JavaThread "Java2D Disposer" daemon [_thread_blocked, id=11296, stack(0x00000033ced00000,0x00000033cee00000)]
  0x000001fbd94aa000 JavaThread "AWT-Windows" daemon [_thread_in_native, id=5860, stack(0x00000033cec00000,0x00000033ced00000)]
  0x000001fbd9469000 JavaThread "BlueJ worker thread" [_thread_blocked, id=7640, stack(0x00000033cf100000,0x00000033cf200000)]
  0x000001fbb47be000 JavaThread "DestroyJavaVM" [_thread_blocked, id=14328, stack(0x00000033cd800000,0x00000033cd900000)]
  0x000001fbd97f8800 JavaThread "QuantumRenderer-0" daemon [_thread_blocked, id=5284, stack(0x00000033cfd00000,0x00000033cfe00000)]
  0x000001fbd974b000 JavaThread "InvokeLaterDispatcher" daemon [_thread_blocked, id=3132, stack(0x00000033cee00000,0x00000033cef00000)]
  0x000001fbdabcb000 JavaThread "JavaFX Application Thread" [_thread_in_native, id=15876, stack(0x00000033cf200000,0x00000033cf300000)]
  0x000001fbda6c1000 JavaThread "VMCommsSimulation" [_thread_blocked, id=11484, stack(0x00000033d0000000,0x00000033d0100000)]
  0x000001fbda6bf800 JavaThread "Thread-2" daemon [_thread_blocked, id=5036, stack(0x00000033cf000000,0x00000033cf100000)]
  0x000001fbda6c2000 JavaThread "SimulationThread" [_thread_blocked, id=8764, stack(0x00000033d0100000,0x00000033d0200000)]
  0x000001fbda6be800 JavaThread "main" [_thread_blocked, id=2528, stack(0x00000033cf300000,0x00000033cf400000)]

Other Threads:
=>0x000001fbd8409000 VMThread "VM Thread" [stack: 0x00000033cde00000,0x00000033cdf00000] [id=3000]
  0x000001fbd8ed9800 WatcherThread [stack: 0x00000033cea00000,0x00000033ceb00000] [id=11148]
  0x000001fbb47d8000 GCTaskThread "GC Thread#0" [stack: 0x00000033cd900000,0x00000033cda00000] [id=2732]
  0x000001fbd989b800 GCTaskThread "GC Thread#1" [stack: 0x00000033cf500000,0x00000033cf600000] [id=1624]
  0x000001fbd97e0800 GCTaskThread "GC Thread#2" [stack: 0x00000033cf600000,0x00000033cf700000] [id=1620]
  0x000001fbd97e1800 GCTaskThread "GC Thread#3" [stack: 0x00000033cf700000,0x00000033cf800000] [id=4372]
  0x000001fbda467800 GCTaskThread "GC Thread#4" [stack: 0x00000033cf800000,0x00000033cf900000] [id=2876]
  0x000001fbda46c000 GCTaskThread "GC Thread#5" [stack: 0x00000033cf900000,0x00000033cfa00000] [id=8204]
  0x000001fbda55c000 GCTaskThread "GC Thread#6" [stack: 0x00000033cfa00000,0x00000033cfb00000] [id=8188]
  0x000001fbda55d000 GCTaskThread "GC Thread#7" [stack: 0x00000033cfb00000,0x00000033cfc00000] [id=11176]
  0x000001fbb4836000 ConcurrentGCThread "G1 Main Marker" [stack: 0x00000033cda00000,0x00000033cdb00000] [id=2672]
  0x000001fbb4839000 ConcurrentGCThread "G1 Conc#0" [stack: 0x00000033cdb00000,0x00000033cdc00000] [id=1664]
  0x000001fbda777000 ConcurrentGCThread "G1 Conc#1" [stack: 0x00000033d0300000,0x00000033d0400000] [id=11588]
  0x000001fbb488d800 ConcurrentGCThread "G1 Refine#0" [stack: 0x00000033cdc00000,0x00000033cdd00000] [id=9880]
  0x000001fbd82e8000 ConcurrentGCThread "G1 Young RemSet Sampling" [stack: 0x00000033cdd00000,0x00000033cde00000] [id=4480]

Threads with active compile tasks:

VM state:at safepoint (normal execution)

VM Mutex/Monitor currently owned by a thread:  ([mutex/lock_event])
[0x000001fbb47bb4d0] Threads_lock - owner thread: 0x000001fbd8409000
[0x000001fbb47b9d30] Heap_lock - owner thread: 0x000001fbda6c2000

Heap address: 0x0000000702400000, size: 4060 MB, Compressed Oops mode: Zero based, Oop shift amount: 3
Narrow klass base: 0x0000000800000000, Narrow klass shift: 0
Compressed class space size: 1073741824 Address: 0x0000000800000000

Heap:
 garbage-first heap   total 163840K, used 94068K [0x0000000702400000, 0x0000000800000000)
  region size 1024K, 2 young (2048K), 1 survivors (1024K)
 Metaspace       used 17714K, capacity 18350K, committed 18688K, reserved 1067008K
  class space    used 1717K, capacity 1969K, committed 2048K, reserved 1048576K
Heap Regions: E=young(eden), S=young(survivor), O=old, HS=humongous(starts), HC=humongous(continues), CS=collection set, F=free, A=archive, TAMS=top-at-mark-start (previous, next)
|   0|0x0000000702400000, 0x00000007024ffff0, 0x0000000702500000| 99%| O|  |TAMS 0x00000007024ffff0, 0x0000000702400000| Untracked 
|   1|0x0000000702500000, 0x00000007025fffb8, 0x0000000702600000| 99%| O|  |TAMS 0x00000007025fffb8, 0x0000000702500000| Untracked 
|   2|0x0000000702600000, 0x0000000702700000, 0x0000000702700000|100%| O|  |TAMS 0x0000000702700000, 0x0000000702600000| Untracked 
|   3|0x0000000702700000, 0x00000007027fff10, 0x0000000702800000| 99%| O|  |TAMS 0x00000007027fff10, 0x0000000702700000| Untracked 
|   4|0x0000000702800000, 0x00000007028ffff8, 0x0000000702900000| 99%| O|  |TAMS 0x00000007028ffff8, 0x0000000702800000| Untracked 
|   5|0x0000000702900000, 0x00000007029da0f8, 0x0000000702a00000| 85%| O|  |TAMS 0x00000007029da0f8, 0x0000000702900000| Untracked 
|   6|0x0000000702a00000, 0x0000000702b00000, 0x0000000702b00000|100%|HS|  |TAMS 0x0000000702b00000, 0x0000000702a00000| Complete 
|   7|0x0000000702b00000, 0x0000000702b00000, 0x0000000702c00000|  0%| F|  |TAMS 0x0000000702b00000, 0x0000000702b00000| Untracked 
|   8|0x0000000702c00000, 0x0000000702c00000, 0x0000000702d00000|  0%| F|  |TAMS 0x0000000702c00000, 0x0000000702c00000| Untracked 
|   9|0x0000000702d00000, 0x0000000702e00000, 0x0000000702e00000|100%|HS|  |TAMS 0x0000000702e00000, 0x0000000702d00000| Complete 
|  10|0x0000000702e00000, 0x0000000702e00000, 0x0000000702f00000|  0%| F|  |TAMS 0x0000000702e00000, 0x0000000702e00000| Untracked 
|  11|0x0000000702f00000, 0x0000000702f00000, 0x0000000703000000|  0%| F|  |TAMS 0x0000000702f00000, 0x0000000702f00000| Untracked 
|  12|0x0000000703000000, 0x0000000703100000, 0x0000000703100000|100%|HS|  |TAMS 0x0000000703100000, 0x0000000703000000| Complete 
|  13|0x0000000703100000, 0x0000000703200000, 0x0000000703200000|100%|HS|  |TAMS 0x0000000703200000, 0x0000000703100000| Complete 
|  14|0x0000000703200000, 0x0000000703200000, 0x0000000703300000|  0%| F|  |TAMS 0x0000000703200000, 0x0000000703200000| Untracked 
|  15|0x0000000703300000, 0x0000000703300000, 0x0000000703400000|  0%| F|  |TAMS 0x0000000703300000, 0x0000000703300000| Untracked 
|  16|0x0000000703400000, 0x0000000703500000, 0x0000000703500000|100%|HS|  |TAMS 0x0000000703500000, 0x0000000703400000| Complete 
|  17|0x0000000703500000, 0x0000000703600000, 0x0000000703600000|100%|HS|  |TAMS 0x0000000703600000, 0x0000000703500000| Complete 
|  18|0x0000000703600000, 0x0000000703700000, 0x0000000703700000|100%|HS|  |TAMS 0x0000000703600000, 0x0000000703600000| Complete 
|  19|0x0000000703700000, 0x0000000703800000, 0x0000000703800000|100%|HC|  |TAMS 0x0000000703700000, 0x0000000703700000| Complete 
|  20|0x0000000703800000, 0x0000000703900000, 0x0000000703900000|100%|HC|  |TAMS 0x0000000703800000, 0x0000000703800000| Complete 
|  21|0x0000000703900000, 0x0000000703a00000, 0x0000000703a00000|100%|HC|  |TAMS 0x0000000703900000, 0x0000000703900000| Complete 
|  22|0x0000000703a00000, 0x0000000703b00000, 0x0000000703b00000|100%|HC|  |TAMS 0x0000000703a00000, 0x0000000703a00000| Complete 
|  23|0x0000000703b00000, 0x0000000703c00000, 0x0000000703c00000|100%|HC|  |TAMS 0x0000000703b00000, 0x0000000703b00000| Complete 
|  24|0x0000000703c00000, 0x0000000703d00000, 0x0000000703d00000|100%|HC|  |TAMS 0x0000000703c00000, 0x0000000703c00000| Complete 
|  25|0x0000000703d00000, 0x0000000703e00000, 0x0000000703e00000|100%|HC|  |TAMS 0x0000000703d00000, 0x0000000703d00000| Complete 
|  26|0x0000000703e00000, 0x0000000703f00000, 0x0000000703f00000|100%|HC|  |TAMS 0x0000000703e00000, 0x0000000703e00000| Complete 
|  27|0x0000000703f00000, 0x0000000704000000, 0x0000000704000000|100%|HC|  |TAMS 0x0000000703f00000, 0x0000000703f00000| Complete 
|  28|0x0000000704000000, 0x0000000704100000, 0x0000000704100000|100%|HC|  |TAMS 0x0000000704000000, 0x0000000704000000| Complete 
|  29|0x0000000704100000, 0x0000000704200000, 0x0000000704200000|100%|HC|  |TAMS 0x0000000704100000, 0x0000000704100000| Complete 
|  30|0x0000000704200000, 0x0000000704300000, 0x0000000704300000|100%|HC|  |TAMS 0x0000000704200000, 0x0000000704200000| Complete 
|  31|0x0000000704300000, 0x0000000704400000, 0x0000000704400000|100%|HC|  |TAMS 0x0000000704300000, 0x0000000704300000| Complete 
|  32|0x0000000704400000, 0x0000000704500000, 0x0000000704500000|100%|HC|  |TAMS 0x0000000704400000, 0x0000000704400000| Complete 
|  33|0x0000000704500000, 0x0000000704600000, 0x0000000704600000|100%|HC|  |TAMS 0x0000000704500000, 0x0000000704500000| Complete 
|  34|0x0000000704600000, 0x0000000704600000, 0x0000000704700000|  0%| F|  |TAMS 0x0000000704600000, 0x0000000704600000| Untracked 
|  35|0x0000000704700000, 0x0000000704700000, 0x0000000704800000|  0%| F|  |TAMS 0x0000000704700000, 0x0000000704700000| Untracked 
|  36|0x0000000704800000, 0x0000000704900000, 0x0000000704900000|100%|HS|  |TAMS 0x0000000704900000, 0x0000000704800000| Complete 
|  37|0x0000000704900000, 0x0000000704a00000, 0x0000000704a00000|100%|HC|  |TAMS 0x0000000704a00000, 0x0000000704900000| Complete 
|  38|0x0000000704a00000, 0x0000000704b00000, 0x0000000704b00000|100%|HC|  |TAMS 0x0000000704b00000, 0x0000000704a00000| Complete 
|  39|0x0000000704b00000, 0x0000000704c00000, 0x0000000704c00000|100%|HC|  |TAMS 0x0000000704c00000, 0x0000000704b00000| Complete 
|  40|0x0000000704c00000, 0x0000000704d00000, 0x0000000704d00000|100%|HC|  |TAMS 0x0000000704d00000, 0x0000000704c00000| Complete 
|  41|0x0000000704d00000, 0x0000000704e00000, 0x0000000704e00000|100%|HC|  |TAMS 0x0000000704e00000, 0x0000000704d00000| Complete 
|  42|0x0000000704e00000, 0x0000000704f00000, 0x0000000704f00000|100%|HC|  |TAMS 0x0000000704f00000, 0x0000000704e00000| Complete 
|  43|0x0000000704f00000, 0x0000000705000000, 0x0000000705000000|100%|HC|  |TAMS 0x0000000705000000, 0x0000000704f00000| Complete 
|  44|0x0000000705000000, 0x0000000705100000, 0x0000000705100000|100%|HC|  |TAMS 0x0000000705100000, 0x0000000705000000| Complete 
|  45|0x0000000705100000, 0x0000000705200000, 0x0000000705200000|100%|HC|  |TAMS 0x0000000705200000, 0x0000000705100000| Complete 
|  46|0x0000000705200000, 0x0000000705300000, 0x0000000705300000|100%|HC|  |TAMS 0x0000000705300000, 0x0000000705200000| Complete 
|  47|0x0000000705300000, 0x0000000705400000, 0x0000000705400000|100%|HC|  |TAMS 0x0000000705400000, 0x0000000705300000| Complete 
|  48|0x0000000705400000, 0x0000000705500000, 0x0000000705500000|100%|HC|  |TAMS 0x0000000705500000, 0x0000000705400000| Complete 
|  49|0x0000000705500000, 0x0000000705600000, 0x0000000705600000|100%|HC|  |TAMS 0x0000000705600000, 0x0000000705500000| Complete 
|  50|0x0000000705600000, 0x0000000705700000, 0x0000000705700000|100%|HC|  |TAMS 0x0000000705700000, 0x0000000705600000| Complete 
|  51|0x0000000705700000, 0x0000000705800000, 0x0000000705800000|100%|HC|  |TAMS 0x0000000705800000, 0x0000000705700000| Complete 
|  52|0x0000000705800000, 0x0000000705800000, 0x0000000705900000|  0%| F|  |TAMS 0x0000000705800000, 0x0000000705800000| Untracked 
|  53|0x0000000705900000, 0x0000000705900120, 0x0000000705a00000|  0%| O|  |TAMS 0x0000000705900120, 0x0000000705900000| Untracked 
|  54|0x0000000705a00000, 0x0000000705a00000, 0x0000000705b00000|  0%| F|  |TAMS 0x0000000705a00000, 0x0000000705a00000| Untracked 
|  55|0x0000000705b00000, 0x0000000705c00000, 0x0000000705c00000|100%|HS|  |TAMS 0x0000000705c00000, 0x0000000705b00000| Complete 
|  56|0x0000000705c00000, 0x0000000705d00000, 0x0000000705d00000|100%|HC|  |TAMS 0x0000000705d00000, 0x0000000705c00000| Complete 
|  57|0x0000000705d00000, 0x0000000705e00000, 0x0000000705e00000|100%|HC|  |TAMS 0x0000000705e00000, 0x0000000705d00000| Complete 
|  58|0x0000000705e00000, 0x0000000705f00000, 0x0000000705f00000|100%|HC|  |TAMS 0x0000000705f00000, 0x0000000705e00000| Complete 
|  59|0x0000000705f00000, 0x0000000706000000, 0x0000000706000000|100%|HC|  |TAMS 0x0000000706000000, 0x0000000705f00000| Complete 
|  60|0x0000000706000000, 0x0000000706100000, 0x0000000706100000|100%|HC|  |TAMS 0x0000000706100000, 0x0000000706000000| Complete 
|  61|0x0000000706100000, 0x0000000706200000, 0x0000000706200000|100%|HC|  |TAMS 0x0000000706200000, 0x0000000706100000| Complete 
|  62|0x0000000706200000, 0x0000000706300000, 0x0000000706300000|100%|HC|  |TAMS 0x0000000706300000, 0x0000000706200000| Complete 
|  63|0x0000000706300000, 0x0000000706400000, 0x0000000706400000|100%|HC|  |TAMS 0x0000000706400000, 0x0000000706300000| Complete 
|  64|0x0000000706400000, 0x0000000706500000, 0x0000000706500000|100%|HC|  |TAMS 0x0000000706500000, 0x0000000706400000| Complete 
|  65|0x0000000706500000, 0x0000000706600000, 0x0000000706600000|100%|HC|  |TAMS 0x0000000706600000, 0x0000000706500000| Complete 
|  66|0x0000000706600000, 0x0000000706700000, 0x0000000706700000|100%|HC|  |TAMS 0x0000000706700000, 0x0000000706600000| Complete 
|  67|0x0000000706700000, 0x0000000706800000, 0x0000000706800000|100%|HC|  |TAMS 0x0000000706800000, 0x0000000706700000| Complete 
|  68|0x0000000706800000, 0x0000000706900000, 0x0000000706900000|100%|HC|  |TAMS 0x0000000706900000, 0x0000000706800000| Complete 
|  69|0x0000000706900000, 0x0000000706a00000, 0x0000000706a00000|100%|HC|  |TAMS 0x0000000706a00000, 0x0000000706900000| Complete 
|  70|0x0000000706a00000, 0x0000000706b00000, 0x0000000706b00000|100%|HC|  |TAMS 0x0000000706b00000, 0x0000000706a00000| Complete 
|  71|0x0000000706b00000, 0x0000000706c00000, 0x0000000706c00000|100%|HS|  |TAMS 0x0000000706c00000, 0x0000000706b00000| Complete 
|  72|0x0000000706c00000, 0x0000000706d00000, 0x0000000706d00000|100%|HC|  |TAMS 0x0000000706d00000, 0x0000000706c00000| Complete 
|  73|0x0000000706d00000, 0x0000000706e00000, 0x0000000706e00000|100%|HC|  |TAMS 0x0000000706e00000, 0x0000000706d00000| Complete 
|  74|0x0000000706e00000, 0x0000000706f00000, 0x0000000706f00000|100%|HC|  |TAMS 0x0000000706f00000, 0x0000000706e00000| Complete 
|  75|0x0000000706f00000, 0x0000000707000000, 0x0000000707000000|100%|HC|  |TAMS 0x0000000707000000, 0x0000000706f00000| Complete 
|  76|0x0000000707000000, 0x0000000707100000, 0x0000000707100000|100%|HC|  |TAMS 0x0000000707100000, 0x0000000707000000| Complete 
|  77|0x0000000707100000, 0x0000000707200000, 0x0000000707200000|100%|HC|  |TAMS 0x0000000707200000, 0x0000000707100000| Complete 
|  78|0x0000000707200000, 0x0000000707300000, 0x0000000707300000|100%|HC|  |TAMS 0x0000000707300000, 0x0000000707200000| Complete 
|  79|0x0000000707300000, 0x0000000707400000, 0x0000000707400000|100%|HC|  |TAMS 0x0000000707400000, 0x0000000707300000| Complete 
|  80|0x0000000707400000, 0x0000000707500000, 0x0000000707500000|100%|HC|  |TAMS 0x0000000707500000, 0x0000000707400000| Complete 
|  81|0x0000000707500000, 0x0000000707600000, 0x0000000707600000|100%|HC|  |TAMS 0x0000000707600000, 0x0000000707500000| Complete 
|  82|0x0000000707600000, 0x0000000707700000, 0x0000000707700000|100%|HC|  |TAMS 0x0000000707700000, 0x0000000707600000| Complete 
|  83|0x0000000707700000, 0x0000000707800000, 0x0000000707800000|100%|HC|  |TAMS 0x0000000707800000, 0x0000000707700000| Complete 
|  84|0x0000000707800000, 0x0000000707900000, 0x0000000707900000|100%|HC|  |TAMS 0x0000000707900000, 0x0000000707800000| Complete 
|  85|0x0000000707900000, 0x0000000707a00000, 0x0000000707a00000|100%|HC|  |TAMS 0x0000000707a00000, 0x0000000707900000| Complete 
|  86|0x0000000707a00000, 0x0000000707b00000, 0x0000000707b00000|100%|HC|  |TAMS 0x0000000707b00000, 0x0000000707a00000| Complete 
|  87|0x0000000707b00000, 0x0000000707b00000, 0x0000000707c00000|  0%| F|  |TAMS 0x0000000707b00000, 0x0000000707b00000| Untracked 
|  88|0x0000000707c00000, 0x0000000707c00000, 0x0000000707d00000|  0%| F|  |TAMS 0x0000000707c00000, 0x0000000707c00000| Untracked 
|  89|0x0000000707d00000, 0x0000000707d00000, 0x0000000707e00000|  0%| F|  |TAMS 0x0000000707d00000, 0x0000000707d00000| Untracked 
|  90|0x0000000707e00000, 0x0000000707e00000, 0x0000000707f00000|  0%| F|  |TAMS 0x0000000707e00000, 0x0000000707e00000| Untracked 
|  91|0x0000000707f00000, 0x0000000707f00000, 0x0000000708000000|  0%| F|  |TAMS 0x0000000707f00000, 0x0000000707f00000| Untracked 
|  92|0x0000000708000000, 0x0000000708000000, 0x0000000708100000|  0%| F|  |TAMS 0x0000000708000000, 0x0000000708000000| Untracked 
|  93|0x0000000708100000, 0x0000000708100000, 0x0000000708200000|  0%| F|  |TAMS 0x0000000708100000, 0x0000000708100000| Untracked 
|  94|0x0000000708200000, 0x0000000708200000, 0x0000000708300000|  0%| F|  |TAMS 0x0000000708200000, 0x0000000708200000| Untracked 
|  95|0x0000000708300000, 0x0000000708300000, 0x0000000708400000|  0%| F|  |TAMS 0x0000000708300000, 0x0000000708300000| Untracked 
|  96|0x0000000708400000, 0x0000000708400000, 0x0000000708500000|  0%| F|  |TAMS 0x0000000708400000, 0x0000000708400000| Untracked 
|  97|0x0000000708500000, 0x0000000708500000, 0x0000000708600000|  0%| F|  |TAMS 0x0000000708500000, 0x0000000708500000| Untracked 
|  98|0x0000000708600000, 0x0000000708600000, 0x0000000708700000|  0%| F|  |TAMS 0x0000000708600000, 0x0000000708600000| Untracked 
|  99|0x0000000708700000, 0x0000000708700000, 0x0000000708800000|  0%| F|  |TAMS 0x0000000708700000, 0x0000000708700000| Untracked 
| 100|0x0000000708800000, 0x0000000708800000, 0x0000000708900000|  0%| F|  |TAMS 0x0000000708800000, 0x0000000708800000| Untracked 
| 101|0x0000000708900000, 0x0000000708900000, 0x0000000708a00000|  0%| F|  |TAMS 0x0000000708900000, 0x0000000708900000| Untracked 
| 102|0x0000000708a00000, 0x0000000708a00000, 0x0000000708b00000|  0%| F|  |TAMS 0x0000000708a00000, 0x0000000708a00000| Untracked 
| 103|0x0000000708b00000, 0x0000000708b00000, 0x0000000708c00000|  0%| F|  |TAMS 0x0000000708b00000, 0x0000000708b00000| Untracked 
| 104|0x0000000708c00000, 0x0000000708d00000, 0x0000000708d00000|100%|HS|  |TAMS 0x0000000708d00000, 0x0000000708c00000| Complete 
| 105|0x0000000708d00000, 0x0000000708e00000, 0x0000000708e00000|100%|HC|  |TAMS 0x0000000708e00000, 0x0000000708d00000| Complete 
| 106|0x0000000708e00000, 0x0000000708f00000, 0x0000000708f00000|100%|HC|  |TAMS 0x0000000708f00000, 0x0000000708e00000| Complete 
| 107|0x0000000708f00000, 0x0000000709000000, 0x0000000709000000|100%|HC|  |TAMS 0x0000000709000000, 0x0000000708f00000| Complete 
| 108|0x0000000709000000, 0x0000000709100000, 0x0000000709100000|100%|HC|  |TAMS 0x0000000709100000, 0x0000000709000000| Complete 
| 109|0x0000000709100000, 0x0000000709200000, 0x0000000709200000|100%|HC|  |TAMS 0x0000000709200000, 0x0000000709100000| Complete 
| 110|0x0000000709200000, 0x0000000709300000, 0x0000000709300000|100%|HC|  |TAMS 0x0000000709300000, 0x0000000709200000| Complete 
| 111|0x0000000709300000, 0x0000000709400000, 0x0000000709400000|100%|HC|  |TAMS 0x0000000709400000, 0x0000000709300000| Complete 
| 112|0x0000000709400000, 0x0000000709500000, 0x0000000709500000|100%|HC|  |TAMS 0x0000000709500000, 0x0000000709400000| Complete 
| 113|0x0000000709500000, 0x0000000709600000, 0x0000000709600000|100%|HC|  |TAMS 0x0000000709600000, 0x0000000709500000| Complete 
| 114|0x0000000709600000, 0x0000000709700000, 0x0000000709700000|100%|HC|  |TAMS 0x0000000709700000, 0x0000000709600000| Complete 
| 115|0x0000000709700000, 0x0000000709800000, 0x0000000709800000|100%|HC|  |TAMS 0x0000000709800000, 0x0000000709700000| Complete 
| 116|0x0000000709800000, 0x0000000709900000, 0x0000000709900000|100%|HC|  |TAMS 0x0000000709900000, 0x0000000709800000| Complete 
| 117|0x0000000709900000, 0x0000000709a00000, 0x0000000709a00000|100%|HC|  |TAMS 0x0000000709a00000, 0x0000000709900000| Complete 
| 118|0x0000000709a00000, 0x0000000709b00000, 0x0000000709b00000|100%|HC|  |TAMS 0x0000000709b00000, 0x0000000709a00000| Complete 
| 119|0x0000000709b00000, 0x0000000709c00000, 0x0000000709c00000|100%|HC|  |TAMS 0x0000000709c00000, 0x0000000709b00000| Complete 
| 120|0x0000000709c00000, 0x0000000709c00000, 0x0000000709d00000|  0%| F|  |TAMS 0x0000000709c00000, 0x0000000709c00000| Untracked 
| 121|0x0000000709d00000, 0x0000000709d00000, 0x0000000709e00000|  0%| F|  |TAMS 0x0000000709d00000, 0x0000000709d00000| Untracked 
| 122|0x0000000709e00000, 0x0000000709e00000, 0x0000000709f00000|  0%| F|  |TAMS 0x0000000709e00000, 0x0000000709e00000| Untracked 
| 123|0x0000000709f00000, 0x0000000709f00000, 0x000000070a000000|  0%| F|  |TAMS 0x0000000709f00000, 0x0000000709f00000| Untracked 
| 124|0x000000070a000000, 0x000000070a000000, 0x000000070a100000|  0%| F|  |TAMS 0x000000070a000000, 0x000000070a000000| Untracked 
| 125|0x000000070a100000, 0x000000070a100000, 0x000000070a200000|  0%| F|  |TAMS 0x000000070a100000, 0x000000070a100000| Untracked 
| 126|0x000000070a200000, 0x000000070a200000, 0x000000070a300000|  0%| F|  |TAMS 0x000000070a200000, 0x000000070a200000| Untracked 
| 127|0x000000070a300000, 0x000000070a300000, 0x000000070a400000|  0%| F|  |TAMS 0x000000070a300000, 0x000000070a300000| Untracked 
| 128|0x000000070a400000, 0x000000070a400000, 0x000000070a500000|  0%| F|  |TAMS 0x000000070a400000, 0x000000070a400000| Untracked 
| 129|0x000000070a500000, 0x000000070a500000, 0x000000070a600000|  0%| F|  |TAMS 0x000000070a500000, 0x000000070a500000| Untracked 
| 130|0x000000070a600000, 0x000000070a600000, 0x000000070a700000|  0%| F|  |TAMS 0x000000070a600000, 0x000000070a600000| Untracked 
| 131|0x000000070a700000, 0x000000070a700000, 0x000000070a800000|  0%| F|  |TAMS 0x000000070a700000, 0x000000070a700000| Untracked 
| 132|0x000000070a800000, 0x000000070a800000, 0x000000070a900000|  0%| F|  |TAMS 0x000000070a800000, 0x000000070a800000| Untracked 
| 133|0x000000070a900000, 0x000000070a900000, 0x000000070aa00000|  0%| F|  |TAMS 0x000000070a900000, 0x000000070a900000| Untracked 
| 134|0x000000070aa00000, 0x000000070aa00000, 0x000000070ab00000|  0%| F|  |TAMS 0x000000070aa00000, 0x000000070aa00000| Untracked 
| 135|0x000000070ab00000, 0x000000070ab00000, 0x000000070ac00000|  0%| F|  |TAMS 0x000000070ab00000, 0x000000070ab00000| Untracked 
| 136|0x000000070ac00000, 0x000000070ac00000, 0x000000070ad00000|  0%| F|  |TAMS 0x000000070ac00000, 0x000000070ac00000| Untracked 
| 137|0x000000070ad00000, 0x000000070ad00000, 0x000000070ae00000|  0%| F|  |TAMS 0x000000070ad00000, 0x000000070ad00000| Untracked 
| 138|0x000000070ae00000, 0x000000070ae00000, 0x000000070af00000|  0%| F|  |TAMS 0x000000070ae00000, 0x000000070ae00000| Untracked 
| 139|0x000000070af00000, 0x000000070af00000, 0x000000070b000000|  0%| F|  |TAMS 0x000000070af00000, 0x000000070af00000| Untracked 
| 140|0x000000070b000000, 0x000000070b000000, 0x000000070b100000|  0%| F|  |TAMS 0x000000070b000000, 0x000000070b000000| Untracked 
| 141|0x000000070b100000, 0x000000070b100000, 0x000000070b200000|  0%| F|  |TAMS 0x000000070b100000, 0x000000070b100000| Untracked 
| 142|0x000000070b200000, 0x000000070b200000, 0x000000070b300000|  0%| F|  |TAMS 0x000000070b200000, 0x000000070b200000| Untracked 
| 143|0x000000070b300000, 0x000000070b300000, 0x000000070b400000|  0%| F|  |TAMS 0x000000070b300000, 0x000000070b300000| Untracked 
| 144|0x000000070b400000, 0x000000070b400000, 0x000000070b500000|  0%| F|  |TAMS 0x000000070b400000, 0x000000070b400000| Untracked 
| 145|0x000000070b500000, 0x000000070b500000, 0x000000070b600000|  0%| F|  |TAMS 0x000000070b500000, 0x000000070b500000| Untracked 
| 146|0x000000070b600000, 0x000000070b600000, 0x000000070b700000|  0%| F|  |TAMS 0x000000070b600000, 0x000000070b600000| Untracked 
| 147|0x000000070b700000, 0x000000070b700000, 0x000000070b800000|  0%| F|  |TAMS 0x000000070b700000, 0x000000070b700000| Untracked 
| 148|0x000000070b800000, 0x000000070b800000, 0x000000070b900000|  0%| F|  |TAMS 0x000000070b800000, 0x000000070b800000| Untracked 
| 149|0x000000070b900000, 0x000000070b900000, 0x000000070ba00000|  0%| F|  |TAMS 0x000000070b900000, 0x000000070b900000| Untracked 
| 150|0x000000070ba00000, 0x000000070ba00000, 0x000000070bb00000|  0%| F|  |TAMS 0x000000070ba00000, 0x000000070ba00000| Untracked 
| 151|0x000000070bb00000, 0x000000070bb00000, 0x000000070bc00000|  0%| F|  |TAMS 0x000000070bb00000, 0x000000070bb00000| Untracked 
| 152|0x000000070bc00000, 0x000000070bc00000, 0x000000070bd00000|  0%| F|  |TAMS 0x000000070bc00000, 0x000000070bc00000| Untracked 
| 153|0x000000070bd00000, 0x000000070bd00000, 0x000000070be00000|  0%| F|  |TAMS 0x000000070bd00000, 0x000000070bd00000| Untracked 
| 154|0x000000070be00000, 0x000000070be00000, 0x000000070bf00000|  0%| F|  |TAMS 0x000000070be00000, 0x000000070be00000| Untracked 
| 155|0x000000070bf00000, 0x000000070bf00000, 0x000000070c000000|  0%| F|  |TAMS 0x000000070bf00000, 0x000000070bf00000| Untracked 
| 156|0x000000070c000000, 0x000000070c0031e0, 0x000000070c100000|  1%| S|CS|TAMS 0x000000070c000000, 0x000000070c000000| Complete 
| 157|0x000000070c100000, 0x000000070c100000, 0x000000070c200000|  0%| F|  |TAMS 0x000000070c100000, 0x000000070c100000| Untracked 
| 158|0x000000070c200000, 0x000000070c200000, 0x000000070c300000|  0%| F|  |TAMS 0x000000070c200000, 0x000000070c200000| Untracked 
| 159|0x000000070c300000, 0x000000070c400000, 0x000000070c400000|100%| E|  |TAMS 0x000000070c300000, 0x000000070c300000| Complete 

Card table byte_map: [0x000001fbcc9c0000,0x000001fbcd1b0000] _byte_map_base: 0x000001fbc91ae000

Marking Bits (Prev, Next): (CMBitMap*) 0x000001fbb4825298, (CMBitMap*) 0x000001fbb48252d0
 Prev Bits: [0x000001fbcd9a0000, 0x000001fbd1910000)
 Next Bits: [0x000001fbd1910000, 0x000001fbd5880000)

Polling page: 0x000001fbb27b0000

Metaspace:

Usage:
  Non-class:     16.00 MB capacity,    15.62 MB ( 98%) used,   330.29 KB (  2%) free+waste,    54.44 KB ( <1%) overhead. 
      Class:      1.92 MB capacity,     1.68 MB ( 87%) used,   225.09 KB ( 11%) free+waste,    25.94 KB (  1%) overhead. 
       Both:     17.92 MB capacity,    17.30 MB ( 97%) used,   555.38 KB (  3%) free+waste,    80.38 KB ( <1%) overhead. 

Virtual space:
  Non-class space:       18.00 MB reserved,      16.25 MB ( 90%) committed 
      Class space:        1.00 GB reserved,       2.00 MB ( <1%) committed 
             Both:        1.02 GB reserved,      18.25 MB (  2%) committed 

Chunk freelists:
   Non-Class:  131.00 KB
       Class:  17.00 KB
        Both:  148.00 KB

MaxMetaspaceSize: 17179869184.00 GB
CompressedClassSpaceSize: 1.00 GB

CodeHeap 'non-profiled nmethods': size=120000Kb used=1770Kb max_used=1770Kb free=118229Kb
 bounds [0x000001fbc4970000, 0x000001fbc4be0000, 0x000001fbcbea0000]
CodeHeap 'profiled nmethods': size=120000Kb used=5113Kb max_used=5113Kb free=114886Kb
 bounds [0x000001fbbd440000, 0x000001fbbd940000, 0x000001fbc4970000]
CodeHeap 'non-nmethods': size=5760Kb used=1310Kb max_used=1381Kb free=4449Kb
 bounds [0x000001fbbcea0000, 0x000001fbbd110000, 0x000001fbbd440000]
 total_blobs=2961 nmethods=2366 adapters=515
 compilation: enabled
              stopped_count=0, restarted_count=0
 full_count=0

Compilation events (20 events):
Event: 871.409 Thread 0x000001fbd8d26000 2356       4       java.lang.Throwable::<init> (29 bytes)
Event: 871.412 Thread 0x000001fbd8d26000 nmethod 2356 0x000001fbc4b29690 code [0x000001fbc4b29840, 0x000001fbc4b29e88]
Event: 902.175 Thread 0x000001fbd8d2a800 2357       3       java.lang.Class::reflectionData (43 bytes)
Event: 902.179 Thread 0x000001fbd8d2a800 nmethod 2357 0x000001fbbd931e10 code [0x000001fbbd931fe0, 0x000001fbbd9323f8]
Event: 902.505 Thread 0x000001fbd8d2a800 2358       3       java.lang.Class::getReflectionFactory (26 bytes)
Event: 902.506 Thread 0x000001fbd8d2a800 nmethod 2358 0x000001fbbd932510 code [0x000001fbbd932700, 0x000001fbbd932ae8]
Event: 905.179 Thread 0x000001fbd8d2a800 2359       3       greenfoot.vmcomm.VMCommsSimulation::readCommands (672 bytes)
Event: 905.185 Thread 0x000001fbd8d2a800 nmethod 2359 0x000001fbbd932c10 code [0x000001fbbd933460, 0x000001fbbd93a268]
Event: 908.505 Thread 0x000001fbd8d2a800 2361       1       java.lang.Thread::getThreadGroup (5 bytes)
Event: 908.505 Thread 0x000001fbd8d2a800 nmethod 2361 0x000001fbc4b2a490 code [0x000001fbc4b2a640, 0x000001fbc4b2a6f8]
Event: 908.523 Thread 0x000001fbd8d2a800 2362       3       greenfoot.TreeActorSet$TasIterator::<init> (91 bytes)
Event: 908.523 Thread 0x000001fbd8d2a800 nmethod 2362 0x000001fbbd93c610 code [0x000001fbbd93c880, 0x000001fbbd93d5d8]
Event: 908.742 Thread 0x000001fbd8d2a800 2363       3       jdk.internal.reflect.ClassFileAssembler::emitByte (11 bytes)
Event: 908.742 Thread 0x000001fbd8d2a800 nmethod 2363 0x000001fbbd93d910 code [0x000001fbbd93dae0, 0x000001fbbd93dc88]
Event: 908.742 Thread 0x000001fbd8d2a800 2364       3       jdk.internal.reflect.ByteVectorImpl::add (38 bytes)
Event: 908.742 Thread 0x000001fbd8d2a800 nmethod 2364 0x000001fbbd93dd90 code [0x000001fbbd93df60, 0x000001fbbd93e128]
Event: 909.913 Thread 0x000001fbd8d2a800 2365       3       java.lang.reflect.Executable::<init> (5 bytes)
Event: 909.913 Thread 0x000001fbd8d2a800 nmethod 2365 0x000001fbbd93e290 code [0x000001fbbd93e440, 0x000001fbbd93e5f8]
Event: 909.917 Thread 0x000001fbd8d26000 2366       4       java.util.Optional::empty (6 bytes)
Event: 909.918 Thread 0x000001fbd8d26000 nmethod 2366 0x000001fbc4b2a790 code [0x000001fbc4b2a920, 0x000001fbc4b2a978]

GC Heap History (20 events):
Event: 908.792 GC heap before
{Heap before GC invocations=455 (full 62):
 garbage-first heap   total 163840K, used 95079K [0x0000000702400000, 0x0000000800000000)
  region size 1024K, 3 young (3072K), 1 survivors (1024K)
 Metaspace       used 17713K, capacity 18350K, committed 18688K, reserved 1067008K
  class space    used 1717K, capacity 1969K, committed 2048K, reserved 1048576K
}
Event: 908.793 GC heap after
{Heap after GC invocations=456 (full 62):
 garbage-first heap   total 163840K, used 77676K [0x0000000702400000, 0x0000000800000000)
  region size 1024K, 1 young (1024K), 1 survivors (1024K)
 Metaspace       used 17713K, capacity 18350K, committed 18688K, reserved 1067008K
  class space    used 1717K, capacity 1969K, committed 2048K, reserved 1048576K
}
Event: 908.832 GC heap before
{Heap before GC invocations=457 (full 62):
 garbage-first heap   total 163840K, used 95084K [0x0000000702400000, 0x0000000800000000)
  region size 1024K, 3 young (3072K), 1 survivors (1024K)
 Metaspace       used 17713K, capacity 18350K, committed 18688K, reserved 1067008K
  class space    used 1717K, capacity 1969K, committed 2048K, reserved 1048576K
}
Event: 908.833 GC heap after
{Heap after GC invocations=458 (full 62):
 garbage-first heap   total 163840K, used 77682K [0x0000000702400000, 0x0000000800000000)
  region size 1024K, 1 young (1024K), 1 survivors (1024K)
 Metaspace       used 17713K, capacity 18350K, committed 18688K, reserved 1067008K
  class space    used 1717K, capacity 1969K, committed 2048K, reserved 1048576K
}
Event: 908.887 GC heap before
{Heap before GC invocations=458 (full 62):
 garbage-first heap   total 163840K, used 94066K [0x0000000702400000, 0x0000000800000000)
  region size 1024K, 2 young (2048K), 1 survivors (1024K)
 Metaspace       used 17713K, capacity 18350K, committed 18688K, reserved 1067008K
  class space    used 1717K, capacity 1969K, committed 2048K, reserved 1048576K
}
Event: 908.899 GC heap after
{Heap after GC invocations=459 (full 63):
 garbage-first heap   total 163840K, used 94054K [0x0000000702400000, 0x0000000800000000)
  region size 1024K, 0 young (0K), 0 survivors (0K)
 Metaspace       used 17713K, capacity 18350K, committed 18688K, reserved 1067008K
  class space    used 1717K, capacity 1969K, committed 2048K, reserved 1048576K
}
Event: 909.204 GC heap before
{Heap before GC invocations=459 (full 63):
 garbage-first heap   total 163840K, used 94054K [0x0000000702400000, 0x0000000800000000)
  region size 1024K, 1 young (1024K), 0 survivors (0K)
 Metaspace       used 17713K, capacity 18350K, committed 18688K, reserved 1067008K
  class space    used 1717K, capacity 1969K, committed 2048K, reserved 1048576K
}
Event: 909.205 GC heap after
{Heap after GC invocations=460 (full 63):
 garbage-first heap   total 163840K, used 94060K [0x0000000702400000, 0x0000000800000000)
  region size 1024K, 1 young (1024K), 1 survivors (1024K)
 Metaspace       used 17713K, capacity 18350K, committed 18688K, reserved 1067008K
  class space    used 1717K, capacity 1969K, committed 2048K, reserved 1048576K
}
Event: 910.067 GC heap before
{Heap before GC invocations=461 (full 63):
 garbage-first heap   total 163840K, used 95084K [0x0000000702400000, 0x0000000800000000)
  region size 1024K, 3 young (3072K), 1 survivors (1024K)
 Metaspace       used 17714K, capacity 18350K, committed 18688K, reserved 1067008K
  class space    used 1717K, capacity 1969K, committed 2048K, reserved 1048576K
}
Event: 910.073 GC heap after
{Heap after GC invocations=462 (full 64):
 garbage-first heap   total 163840K, used 77671K [0x0000000702400000, 0x0000000800000000)
  region size 1024K, 0 young (0K), 0 survivors (0K)
 Metaspace       used 17714K, capacity 18350K, committed 18688K, reserved 1067008K
  class space    used 1717K, capacity 1969K, committed 2048K, reserved 1048576K
}
Event: 910.073 GC heap before
{Heap before GC invocations=462 (full 64):
 garbage-first heap   total 163840K, used 77671K [0x0000000702400000, 0x0000000800000000)
  region size 1024K, 1 young (1024K), 0 survivors (0K)
 Metaspace       used 17714K, capacity 18350K, committed 18688K, reserved 1067008K
  class space    used 1717K, capacity 1969K, committed 2048K, reserved 1048576K
}
Event: 910.074 GC heap after
{Heap after GC invocations=463 (full 64):
 garbage-first heap   total 163840K, used 77675K [0x0000000702400000, 0x0000000800000000)
  region size 1024K, 1 young (1024K), 1 survivors (1024K)
 Metaspace       used 17714K, capacity 18350K, committed 18688K, reserved 1067008K
  class space    used 1717K, capacity 1969K, committed 2048K, reserved 1048576K
}
Event: 910.141 GC heap before
{Heap before GC invocations=464 (full 64):
 garbage-first heap   total 163840K, used 95083K [0x0000000702400000, 0x0000000800000000)
  region size 1024K, 3 young (3072K), 1 survivors (1024K)
 Metaspace       used 17714K, capacity 18350K, committed 18688K, reserved 1067008K
  class space    used 1717K, capacity 1969K, committed 2048K, reserved 1048576K
}
Event: 910.150 GC heap after
{Heap after GC invocations=465 (full 65):
 garbage-first heap   total 163840K, used 77672K [0x0000000702400000, 0x0000000800000000)
  region size 1024K, 0 young (0K), 0 survivors (0K)
 Metaspace       used 17714K, capacity 18350K, committed 18688K, reserved 1067008K
  class space    used 1717K, capacity 1969K, committed 2048K, reserved 1048576K
}
Event: 910.158 GC heap before
{Heap before GC invocations=465 (full 65):
 garbage-first heap   total 163840K, used 77672K [0x0000000702400000, 0x0000000800000000)
  region size 1024K, 1 young (1024K), 0 survivors (0K)
 Metaspace       used 17714K, capacity 18350K, committed 18688K, reserved 1067008K
  class space    used 1717K, capacity 1969K, committed 2048K, reserved 1048576K
}
Event: 910.159 GC heap after
{Heap after GC invocations=466 (full 65):
 garbage-first heap   total 163840K, used 77678K [0x0000000702400000, 0x0000000800000000)
  region size 1024K, 1 young (1024K), 1 survivors (1024K)
 Metaspace       used 17714K, capacity 18350K, committed 18688K, reserved 1067008K
  class space    used 1717K, capacity 1969K, committed 2048K, reserved 1048576K
}
Event: 910.205 GC heap before
{Heap before GC invocations=467 (full 65):
 garbage-first heap   total 163840K, used 94062K [0x0000000702400000, 0x0000000800000000)
  region size 1024K, 2 young (2048K), 1 survivors (1024K)
 Metaspace       used 17714K, capacity 18350K, committed 18688K, reserved 1067008K
  class space    used 1717K, capacity 1969K, committed 2048K, reserved 1048576K
}
Event: 910.206 GC heap after
{Heap after GC invocations=468 (full 65):
 garbage-first heap   total 163840K, used 77676K [0x0000000702400000, 0x0000000800000000)
  region size 1024K, 1 young (1024K), 1 survivors (1024K)
 Metaspace       used 17714K, capacity 18350K, committed 18688K, reserved 1067008K
  class space    used 1717K, capacity 1969K, committed 2048K, reserved 1048576K
}
Event: 915.133 GC heap before
{Heap before GC invocations=469 (full 65):
 garbage-first heap   total 163840K, used 95084K [0x0000000702400000, 0x0000000800000000)
  region size 1024K, 3 young (3072K), 1 survivors (1024K)
 Metaspace       used 17714K, capacity 18350K, committed 18688K, reserved 1067008K
  class space    used 1717K, capacity 1969K, committed 2048K, reserved 1048576K
}
Event: 915.134 GC heap after
{Heap after GC invocations=470 (full 65):
 garbage-first heap   total 163840K, used 77684K [0x0000000702400000, 0x0000000800000000)
  region size 1024K, 1 young (1024K), 1 survivors (1024K)
 Metaspace       used 17714K, capacity 18350K, committed 18688K, reserved 1067008K
  class space    used 1717K, capacity 1969K, committed 2048K, reserved 1048576K
}

Deoptimization events (20 events):
Event: 871.376 Thread 0x000001fbda6c2000 DEOPT PACKING pc=0x000001fbbd5deaac sp=0x00000033d01fd390
Event: 871.376 Thread 0x000001fbda6c2000 DEOPT UNPACKING pc=0x000001fbbcedc44e sp=0x00000033d01fc828 mode 1
Event: 871.376 Thread 0x000001fbda6c2000 DEOPT PACKING pc=0x000001fbbd8c1624 sp=0x00000033d01fd460
Event: 871.376 Thread 0x000001fbda6c2000 DEOPT UNPACKING pc=0x000001fbbcedc44e sp=0x00000033d01fc9f8 mode 1
Event: 871.376 Thread 0x000001fbda6c2000 DEOPT PACKING pc=0x000001fbbd5deaac sp=0x00000033d01fd2a0
Event: 871.376 Thread 0x000001fbda6c2000 DEOPT UNPACKING pc=0x000001fbbcedc44e sp=0x00000033d01fc738 mode 1
Event: 871.377 Thread 0x000001fbda6c2000 DEOPT PACKING pc=0x000001fbbd8c1624 sp=0x00000033d01fd370
Event: 871.377 Thread 0x000001fbda6c2000 DEOPT UNPACKING pc=0x000001fbbcedc44e sp=0x00000033d01fc908 mode 1
Event: 871.379 Thread 0x000001fbda6c2000 DEOPT PACKING pc=0x000001fbbd5deaac sp=0x00000033d01fd0c0
Event: 871.379 Thread 0x000001fbda6c2000 DEOPT UNPACKING pc=0x000001fbbcedc44e sp=0x00000033d01fc558 mode 1
Event: 871.379 Thread 0x000001fbda6c2000 DEOPT PACKING pc=0x000001fbbd8c1624 sp=0x00000033d01fd190
Event: 871.379 Thread 0x000001fbda6c2000 DEOPT UNPACKING pc=0x000001fbbcedc44e sp=0x00000033d01fc728 mode 1
Event: 871.379 Thread 0x000001fbda6c2000 DEOPT PACKING pc=0x000001fbbd5deaac sp=0x00000033d01fd040
Event: 871.379 Thread 0x000001fbda6c2000 DEOPT UNPACKING pc=0x000001fbbcedc44e sp=0x00000033d01fc4d8 mode 1
Event: 871.380 Thread 0x000001fbda6c2000 DEOPT PACKING pc=0x000001fbbd8c1624 sp=0x00000033d01fd110
Event: 871.380 Thread 0x000001fbda6c2000 DEOPT UNPACKING pc=0x000001fbbcedc44e sp=0x00000033d01fc6a8 mode 1
Event: 902.012 Thread 0x000001fbda6c1000 Uncommon trap: trap_request=0xffffff4d fr.pc=0x000001fbc4b0ceac relative=0x00000000000037ac
Event: 902.016 Thread 0x000001fbda6c1000 Uncommon trap: reason=unstable_if action=reinterpret pc=0x000001fbc4b0ceac method=greenfoot.gui.input.mouse.PriorityManager.getPriority(Lgreenfoot/gui/input/mouse/MouseEventData;)I @ 4 c2
Event: 902.016 Thread 0x000001fbda6c1000 DEOPT PACKING pc=0x000001fbc4b0ceac sp=0x00000033d00ff420
Event: 902.017 Thread 0x000001fbda6c1000 DEOPT UNPACKING pc=0x000001fbbcedc62f sp=0x00000033d00ff2a8 mode 2

Classes redefined (0 events):
No events

Internal exceptions (20 events):
Event: 549.896 Thread 0x000001fbda6c1000 Exception <a 'java/security/PrivilegedActionException'{0x0000000704b58650}> (0x0000000704b58650) thrown at [./src/hotspot/share/prims/jvm.cpp, line 1306]
Event: 549.896 Thread 0x000001fbda6c1000 Exception <a 'java/security/PrivilegedActionException'{0x0000000704b58920}> (0x0000000704b58920) thrown at [./src/hotspot/share/prims/jvm.cpp, line 1306]
Event: 559.916 Thread 0x000001fbda6c1000 Exception <a 'java/security/PrivilegedActionException'{0x0000000704b58050}> (0x0000000704b58050) thrown at [./src/hotspot/share/prims/jvm.cpp, line 1306]
Event: 559.916 Thread 0x000001fbda6c1000 Exception <a 'java/security/PrivilegedActionException'{0x0000000704b58320}> (0x0000000704b58320) thrown at [./src/hotspot/share/prims/jvm.cpp, line 1306]
Event: 586.935 Thread 0x000001fbda6c1000 Exception <a 'java/security/PrivilegedActionException'{0x0000000704b4a838}> (0x0000000704b4a838) thrown at [./src/hotspot/share/prims/jvm.cpp, line 1306]
Event: 586.935 Thread 0x000001fbda6c1000 Exception <a 'java/security/PrivilegedActionException'{0x0000000704b4ab08}> (0x0000000704b4ab08) thrown at [./src/hotspot/share/prims/jvm.cpp, line 1306]
Event: 638.831 Thread 0x000001fbda6c1000 Exception <a 'java/security/PrivilegedActionException'{0x0000000704b56c28}> (0x0000000704b56c28) thrown at [./src/hotspot/share/prims/jvm.cpp, line 1306]
Event: 638.831 Thread 0x000001fbda6c1000 Exception <a 'java/security/PrivilegedActionException'{0x0000000704b56ef8}> (0x0000000704b56ef8) thrown at [./src/hotspot/share/prims/jvm.cpp, line 1306]
Event: 654.331 Thread 0x000001fbda6c1000 Exception <a 'java/security/PrivilegedActionException'{0x0000000704b56c28}> (0x0000000704b56c28) thrown at [./src/hotspot/share/prims/jvm.cpp, line 1306]
Event: 654.331 Thread 0x000001fbda6c1000 Exception <a 'java/security/PrivilegedActionException'{0x0000000704b56ef8}> (0x0000000704b56ef8) thrown at [./src/hotspot/share/prims/jvm.cpp, line 1306]
Event: 756.461 Thread 0x000001fbda6c1000 Exception <a 'java/security/PrivilegedActionException'{0x0000000704b48db8}> (0x0000000704b48db8) thrown at [./src/hotspot/share/prims/jvm.cpp, line 1306]
Event: 756.461 Thread 0x000001fbda6c1000 Exception <a 'java/security/PrivilegedActionException'{0x0000000704b49088}> (0x0000000704b49088) thrown at [./src/hotspot/share/prims/jvm.cpp, line 1306]
Event: 771.986 Thread 0x000001fbda6c1000 Exception <a 'java/security/PrivilegedActionException'{0x0000000704b48d90}> (0x0000000704b48d90) thrown at [./src/hotspot/share/prims/jvm.cpp, line 1306]
Event: 771.986 Thread 0x000001fbda6c1000 Exception <a 'java/security/PrivilegedActionException'{0x0000000704b49060}> (0x0000000704b49060) thrown at [./src/hotspot/share/prims/jvm.cpp, line 1306]
Event: 820.445 Thread 0x000001fbda6c1000 Exception <a 'java/security/PrivilegedActionException'{0x0000000704b55188}> (0x0000000704b55188) thrown at [./src/hotspot/share/prims/jvm.cpp, line 1306]
Event: 820.445 Thread 0x000001fbda6c1000 Exception <a 'java/security/PrivilegedActionException'{0x0000000704b55458}> (0x0000000704b55458) thrown at [./src/hotspot/share/prims/jvm.cpp, line 1306]
Event: 859.834 Thread 0x000001fbda6c1000 Exception <a 'java/security/PrivilegedActionException'{0x0000000704bdc158}> (0x0000000704bdc158) thrown at [./src/hotspot/share/prims/jvm.cpp, line 1306]
Event: 859.835 Thread 0x000001fbda6c1000 Exception <a 'java/security/PrivilegedActionException'{0x0000000704bdc428}> (0x0000000704bdc428) thrown at [./src/hotspot/share/prims/jvm.cpp, line 1306]
Event: 871.366 Thread 0x000001fbda6c1000 Exception <a 'java/security/PrivilegedActionException'{0x0000000704bd1f70}> (0x0000000704bd1f70) thrown at [./src/hotspot/share/prims/jvm.cpp, line 1306]
Event: 871.366 Thread 0x000001fbda6c1000 Exception <a 'java/security/PrivilegedActionException'{0x0000000704bd2240}> (0x0000000704bd2240) thrown at [./src/hotspot/share/prims/jvm.cpp, line 1306]

Events (20 events):
Event: 915.123 Executing VM operation: GetFrameCount done
Event: 915.123 Executing VM operation: GetStackTrace
Event: 915.123 Executing VM operation: GetStackTrace done
Event: 915.132 Executing VM operation: GetFrameCount
Event: 915.132 Executing VM operation: GetFrameCount done
Event: 915.132 Executing VM operation: GetStackTrace
Event: 915.132 Executing VM operation: GetStackTrace done
Event: 915.133 Executing VM operation: GetFrameLocation
Event: 915.133 Executing coalesced safepoint VM operation: G1CollectForAllocation
Event: 915.134 Executing coalesced safepoint VM operation: G1CollectForAllocation done
Event: 915.134 Executing VM operation: GetFrameLocation done
Event: 915.134 Executing VM operation: GetOrSetLocal
Event: 915.134 Executing VM operation: GetOrSetLocal done
Event: 915.138 Executing VM operation: CGC_Operation
Event: 915.141 Executing VM operation: CGC_Operation done
Event: 915.141 Executing VM operation: ThreadSuspend
Event: 915.142 Executing VM operation: ThreadSuspend done
Event: 915.143 Executing VM operation: CGC_Operation
Event: 915.143 Executing VM operation: CGC_Operation done
Event: 915.160 Executing VM operation: G1CollectFull


Dynamic libraries:
0x00007ff7706a0000 - 0x00007ff7706ad000 	C:\Program Files\Greenfoot\jdk\bin\java.exe
0x00007ffb43d50000 - 0x00007ffb43f45000 	C:\windows\SYSTEM32\ntdll.dll
0x00007ffb42d80000 - 0x00007ffb42e3d000 	C:\windows\System32\KERNEL32.DLL
0x00007ffb418c0000 - 0x00007ffb41b89000 	C:\windows\System32\KERNELBASE.dll
0x00007ffb3ed10000 - 0x00007ffb3eda0000 	C:\windows\SYSTEM32\apphelp.dll
0x00007ffb417c0000 - 0x00007ffb418c0000 	C:\windows\System32\ucrtbase.dll
0x00007ffb351e0000 - 0x00007ffb351f5000 	C:\Program Files\Greenfoot\jdk\bin\VCRUNTIME140.dll
0x00007ffb16330000 - 0x00007ffb16347000 	C:\Program Files\Greenfoot\jdk\bin\jli.dll
0x00007ffb437d0000 - 0x00007ffb43970000 	C:\windows\System32\USER32.dll
0x00007ffb41740000 - 0x00007ffb41762000 	C:\windows\System32\win32u.dll
0x00007ffb425c0000 - 0x00007ffb425ea000 	C:\windows\System32\GDI32.dll
0x00007ffb28da0000 - 0x00007ffb2903a000 	C:\windows\WinSxS\amd64_microsoft.windows.common-controls_6595b64144ccf1df_6.0.19041.1110_none_60b5254171f9507e\COMCTL32.dll
0x00007ffb41b90000 - 0x00007ffb41c9b000 	C:\windows\System32\gdi32full.dll
0x00007ffb434a0000 - 0x00007ffb4353e000 	C:\windows\System32\msvcrt.dll
0x00007ffb41540000 - 0x00007ffb415dd000 	C:\windows\System32\msvcp_win.dll
0x00007ffb42b80000 - 0x00007ffb42bb0000 	C:\windows\System32\IMM32.DLL
0x00007ffaf1da0000 - 0x00007ffaf1e3b000 	C:\Program Files\Greenfoot\jdk\bin\msvcp140.dll
0x00007ffac24b0000 - 0x00007ffac2ff3000 	C:\Program Files\Greenfoot\jdk\bin\server\jvm.dll
0x00007ffb43970000 - 0x00007ffb43a1c000 	C:\windows\System32\ADVAPI32.dll
0x00007ffb43730000 - 0x00007ffb437cb000 	C:\windows\System32\sechost.dll
0x00007ffb435a0000 - 0x00007ffb436ca000 	C:\windows\System32\RPCRT4.dll
0x00007ffb424f0000 - 0x00007ffb424f8000 	C:\windows\System32\PSAPI.DLL
0x00007ffb3bcc0000 - 0x00007ffb3bcca000 	C:\windows\SYSTEM32\VERSION.dll
0x00007ffb1eef0000 - 0x00007ffb1ef17000 	C:\windows\SYSTEM32\WINMM.dll
0x00007ffb32730000 - 0x00007ffb32739000 	C:\windows\SYSTEM32\WSOCK32.dll
0x00007ffb433b0000 - 0x00007ffb4341b000 	C:\windows\System32\WS2_32.dll
0x00007ffb3f370000 - 0x00007ffb3f382000 	C:\windows\SYSTEM32\kernel.appcore.dll
0x00007ffb3cfb0000 - 0x00007ffb3cfc0000 	C:\Program Files\Greenfoot\jdk\bin\verify.dll
0x00007ffb37f60000 - 0x00007ffb38144000 	C:\windows\SYSTEM32\DBGHELP.DLL
0x00007ffb37e80000 - 0x00007ffb37eac000 	C:\windows\SYSTEM32\dbgcore.DLL
0x00007ffb41480000 - 0x00007ffb41503000 	C:\windows\System32\bcryptPrimitives.dll
0x00007ffb32d00000 - 0x00007ffb32d28000 	C:\Program Files\Greenfoot\jdk\bin\java.dll
0x00007ffb351d0000 - 0x00007ffb351da000 	C:\Program Files\Greenfoot\jdk\bin\jimage.dll
0x00007ffaf6a40000 - 0x00007ffaf6a78000 	C:\Program Files\Greenfoot\jdk\bin\jdwp.dll
0x00007ffb35010000 - 0x00007ffb35027000 	C:\Program Files\Greenfoot\jdk\bin\zip.dll
0x00007ffb41db0000 - 0x00007ffb424ef000 	C:\windows\System32\SHELL32.dll
0x00007ffb3f570000 - 0x00007ffb3fd00000 	C:\windows\SYSTEM32\windows.storage.dll
0x00007ffb426f0000 - 0x00007ffb42a45000 	C:\windows\System32\combase.dll
0x00007ffb40d30000 - 0x00007ffb40d5c000 	C:\windows\SYSTEM32\Wldp.dll
0x00007ffb42cd0000 - 0x00007ffb42d7e000 	C:\windows\System32\SHCORE.dll
0x00007ffb43540000 - 0x00007ffb43595000 	C:\windows\System32\shlwapi.dll
0x00007ffb413c0000 - 0x00007ffb413df000 	C:\windows\SYSTEM32\profapi.dll
0x00007ffb351c0000 - 0x00007ffb351cb000 	C:\Program Files\Greenfoot\jdk\bin\dt_shmem.dll
0x00007ffb2ddd0000 - 0x00007ffb2dde9000 	C:\Program Files\Greenfoot\jdk\bin\net.dll
0x00007ffb3ba30000 - 0x00007ffb3bb38000 	C:\windows\SYSTEM32\WINHTTP.dll
0x00007ffb40b10000 - 0x00007ffb40b7a000 	C:\windows\system32\mswsock.dll
0x00007ffb2b770000 - 0x00007ffb2b782000 	C:\Program Files\Greenfoot\jdk\bin\nio.dll
0x00007ffacb7c0000 - 0x00007ffacb959000 	C:\Program Files\Greenfoot\jdk\bin\awt.dll
0x00007ffb42620000 - 0x00007ffb426ed000 	C:\windows\System32\OLEAUT32.dll
0x00007ffb3eeb0000 - 0x00007ffb3ef4e000 	C:\windows\system32\uxtheme.dll
0x00007ffb42bb0000 - 0x00007ffb42cc5000 	C:\windows\System32\MSCTF.dll
0x0000000011320000 - 0x0000000011365000 	C:\Program Files (x86)\NetSupport\NetSupport School\pciappctrl64.dll
0x00007ffb35720000 - 0x00007ffb3573d000 	C:\windows\SYSTEM32\MPR.dll
0x00007ffb42a50000 - 0x00007ffb42b7a000 	C:\windows\System32\ole32.dll
0x00007ffb3f190000 - 0x00007ffb3f1bf000 	C:\windows\system32\DWMAPI.DLL
0x00007ffb02470000 - 0x00007ffb02595000 	C:\windows\system32\opengl32.dll
0x00007ffb03860000 - 0x00007ffb0388c000 	C:\windows\SYSTEM32\GLU32.dll
0x00007ffb40dd0000 - 0x00007ffb40de8000 	C:\windows\SYSTEM32\CRYPTSP.dll
0x00007ffb404b0000 - 0x00007ffb404e4000 	C:\windows\system32\rsaenh.dll
0x00007ffb41510000 - 0x00007ffb41537000 	C:\windows\System32\bcrypt.dll
0x00007ffb41340000 - 0x00007ffb4136e000 	C:\windows\SYSTEM32\USERENV.dll
0x00007ffb40ca0000 - 0x00007ffb40cac000 	C:\windows\SYSTEM32\CRYPTBASE.dll
0x00007ffb40820000 - 0x00007ffb4085b000 	C:\windows\SYSTEM32\IPHLPAPI.DLL
0x00007ffb425f0000 - 0x00007ffb425f8000 	C:\windows\System32\NSI.dll
0x00007ffb3b020000 - 0x00007ffb3b037000 	C:\windows\SYSTEM32\dhcpcsvc6.DLL
0x00007ffb3b310000 - 0x00007ffb3b32d000 	C:\windows\SYSTEM32\dhcpcsvc.DLL
0x00007ffb40860000 - 0x00007ffb4092c000 	C:\windows\SYSTEM32\DNSAPI.dll
0x000001fbb4720000 - 0x000001fbb4723000 	C:\Program Files\Greenfoot\lib\javafx\bin\api-ms-win-core-console-l1-1-0.dll
0x000001fbb4730000 - 0x000001fbb4733000 	C:\Program Files\Greenfoot\lib\javafx\bin\api-ms-win-core-datetime-l1-1-0.dll
0x000001fbb4740000 - 0x000001fbb4743000 	C:\Program Files\Greenfoot\lib\javafx\bin\api-ms-win-core-debug-l1-1-0.dll
0x000001fbb4750000 - 0x000001fbb4753000 	C:\Program Files\Greenfoot\lib\javafx\bin\api-ms-win-core-errorhandling-l1-1-0.dll
0x000001fbb4760000 - 0x000001fbb4764000 	C:\Program Files\Greenfoot\lib\javafx\bin\api-ms-win-core-file-l1-1-0.dll
0x000001fbb4770000 - 0x000001fbb4773000 	C:\Program Files\Greenfoot\lib\javafx\bin\api-ms-win-core-file-l1-2-0.dll
0x000001fbb4780000 - 0x000001fbb4783000 	C:\Program Files\Greenfoot\lib\javafx\bin\api-ms-win-core-file-l2-1-0.dll
0x000001fbd9b60000 - 0x000001fbd9b63000 	C:\Program Files\Greenfoot\lib\javafx\bin\api-ms-win-core-handle-l1-1-0.dll
0x000001fbd9b70000 - 0x000001fbd9b73000 	C:\Program Files\Greenfoot\lib\javafx\bin\api-ms-win-core-heap-l1-1-0.dll
0x000001fbd9b80000 - 0x000001fbd9b83000 	C:\Program Files\Greenfoot\lib\javafx\bin\api-ms-win-core-interlocked-l1-1-0.dll
0x000001fbdb5b0000 - 0x000001fbdb5b3000 	C:\Program Files\Greenfoot\lib\javafx\bin\api-ms-win-core-libraryloader-l1-1-0.dll
0x000001fbdb5c0000 - 0x000001fbdb5c3000 	C:\Program Files\Greenfoot\lib\javafx\bin\api-ms-win-core-localization-l1-2-0.dll
0x000001fbdb5d0000 - 0x000001fbdb5d3000 	C:\Program Files\Greenfoot\lib\javafx\bin\api-ms-win-core-memory-l1-1-0.dll
0x000001fbdb5e0000 - 0x000001fbdb5e3000 	C:\Program Files\Greenfoot\lib\javafx\bin\api-ms-win-core-namedpipe-l1-1-0.dll
0x000001fbdb5f0000 - 0x000001fbdb5f3000 	C:\Program Files\Greenfoot\lib\javafx\bin\api-ms-win-core-processenvironment-l1-1-0.dll
0x000001fbdb600000 - 0x000001fbdb603000 	C:\Program Files\Greenfoot\lib\javafx\bin\api-ms-win-core-processthreads-l1-1-0.dll
0x000001fbdb610000 - 0x000001fbdb613000 	C:\Program Files\Greenfoot\lib\javafx\bin\api-ms-win-core-processthreads-l1-1-1.dll
0x000001fbdb620000 - 0x000001fbdb623000 	C:\Program Files\Greenfoot\lib\javafx\bin\api-ms-win-core-profile-l1-1-0.dll
0x000001fbdb630000 - 0x000001fbdb633000 	C:\Program Files\Greenfoot\lib\javafx\bin\api-ms-win-core-rtlsupport-l1-1-0.dll
0x000001fbdb640000 - 0x000001fbdb643000 	C:\Program Files\Greenfoot\lib\javafx\bin\api-ms-win-core-string-l1-1-0.dll
0x000001fbdb650000 - 0x000001fbdb653000 	C:\Program Files\Greenfoot\lib\javafx\bin\api-ms-win-core-synch-l1-1-0.dll
0x000001fbdb660000 - 0x000001fbdb663000 	C:\Program Files\Greenfoot\lib\javafx\bin\api-ms-win-core-synch-l1-2-0.dll
0x000001fbdb670000 - 0x000001fbdb673000 	C:\Program Files\Greenfoot\lib\javafx\bin\api-ms-win-core-sysinfo-l1-1-0.dll
0x000001fbdb680000 - 0x000001fbdb683000 	C:\Program Files\Greenfoot\lib\javafx\bin\api-ms-win-core-timezone-l1-1-0.dll
0x000001fbdb690000 - 0x000001fbdb693000 	C:\Program Files\Greenfoot\lib\javafx\bin\api-ms-win-core-util-l1-1-0.dll
0x000001fbdb6a0000 - 0x000001fbdb6a3000 	C:\Program Files\Greenfoot\lib\javafx\bin\api-ms-win-crt-conio-l1-1-0.dll
0x000001fbdb6b0000 - 0x000001fbdb6b4000 	C:\Program Files\Greenfoot\lib\javafx\bin\api-ms-win-crt-convert-l1-1-0.dll
0x000001fbdb6c0000 - 0x000001fbdb6c3000 	C:\Program Files\Greenfoot\lib\javafx\bin\api-ms-win-crt-environment-l1-1-0.dll
0x000001fbdb6d0000 - 0x000001fbdb6d3000 	C:\Program Files\Greenfoot\lib\javafx\bin\api-ms-win-crt-filesystem-l1-1-0.dll
0x000001fbdb6e0000 - 0x000001fbdb6e3000 	C:\Program Files\Greenfoot\lib\javafx\bin\api-ms-win-crt-heap-l1-1-0.dll
0x000001fbdb6f0000 - 0x000001fbdb6f3000 	C:\Program Files\Greenfoot\lib\javafx\bin\api-ms-win-crt-locale-l1-1-0.dll
0x000001fbdb700000 - 0x000001fbdb705000 	C:\Program Files\Greenfoot\lib\javafx\bin\api-ms-win-crt-math-l1-1-0.dll
0x000001fbdb710000 - 0x000001fbdb715000 	C:\Program Files\Greenfoot\lib\javafx\bin\api-ms-win-crt-multibyte-l1-1-0.dll
0x000001fbdb720000 - 0x000001fbdb730000 	C:\Program Files\Greenfoot\lib\javafx\bin\api-ms-win-crt-private-l1-1-0.dll
0x000001fbdb730000 - 0x000001fbdb733000 	C:\Program Files\Greenfoot\lib\javafx\bin\api-ms-win-crt-process-l1-1-0.dll
0x000001fbdb740000 - 0x000001fbdb744000 	C:\Program Files\Greenfoot\lib\javafx\bin\api-ms-win-crt-runtime-l1-1-0.dll
0x000001fbdb750000 - 0x000001fbdb754000 	C:\Program Files\Greenfoot\lib\javafx\bin\api-ms-win-crt-stdio-l1-1-0.dll
0x000001fbdb760000 - 0x000001fbdb764000 	C:\Program Files\Greenfoot\lib\javafx\bin\api-ms-win-crt-string-l1-1-0.dll
0x000001fbdb770000 - 0x000001fbdb773000 	C:\Program Files\Greenfoot\lib\javafx\bin\api-ms-win-crt-time-l1-1-0.dll
0x000001fbdb780000 - 0x000001fbdb783000 	C:\Program Files\Greenfoot\lib\javafx\bin\api-ms-win-crt-utility-l1-1-0.dll
0x00007ffaf44d0000 - 0x00007ffaf45ca000 	C:\Program Files\Greenfoot\lib\javafx\bin\ucrtbase.dll
0x00007ffb184e0000 - 0x00007ffb184f6000 	C:\Program Files\Greenfoot\lib\javafx\bin\vcruntime140.dll
0x00007ffaf95f0000 - 0x00007ffaf9696000 	C:\Program Files\Greenfoot\lib\javafx\bin\msvcp140.dll
0x00007ffb0a5e0000 - 0x00007ffb0a631000 	C:\Program Files\Greenfoot\lib\javafx\bin\concrt140.dll
0x00007ffb164c0000 - 0x00007ffb164e3000 	C:\Program Files\Greenfoot\lib\javafx\bin\prism_d3d.dll
0x00007ffae7ce0000 - 0x00007ffae7eae000 	C:\windows\system32\d3d9.dll
0x00007ffad6ec0000 - 0x00007ffad701d000 	C:\windows\System32\DriverStore\FileRepository\iigd_dch.inf_amd64_d2f0a3eba63ed3e3\igdumdim64.dll
0x00007ffabeba0000 - 0x00007ffac24a6000 	C:\windows\System32\DriverStore\FileRepository\iigd_dch.inf_amd64_d2f0a3eba63ed3e3\igd9dxva64.dll
0x00007ffb42f30000 - 0x00007ffb433a2000 	C:\windows\System32\SETUPAPI.dll
0x00007ffb41770000 - 0x00007ffb417be000 	C:\windows\System32\cfgmgr32.dll
0x00007ffb31c70000 - 0x00007ffb31e14000 	C:\windows\System32\DriverStore\FileRepository\iigd_dch.inf_amd64_d2f0a3eba63ed3e3\igdgmm64.dll
0x00007ffafeee0000 - 0x00007ffafef25000 	C:\Program Files\Greenfoot\lib\javafx\bin\glass.dll
0x00007ffb42e50000 - 0x00007ffb42f2a000 	C:\windows\System32\COMDLG32.dll
0x00007ffb36e10000 - 0x00007ffb36e36000 	C:\windows\System32\DriverStore\FileRepository\iigd_dch.inf_amd64_d2f0a3eba63ed3e3\igdinfo64.dll
0x00007ffb2e330000 - 0x00007ffb30931000 	C:\windows\System32\DriverStore\FileRepository\iigd_dch.inf_amd64_d2f0a3eba63ed3e3\igc64.dll
0x00007ffb36a90000 - 0x00007ffb36acb000 	C:\windows\SYSTEM32\dxcore.dll
0x00007ffaf2660000 - 0x00007ffaf268d000 	C:\Program Files\Greenfoot\jdk\bin\javajpeg.dll

dbghelp: loaded successfully - version: 4.0.5 - missing functions: none
symbol engine: initialized successfully - sym options: 0x614 - pdb path: .;C:\Program Files\Greenfoot\jdk\bin;C:\windows\SYSTEM32;C:\windows\WinSxS\amd64_microsoft.windows.common-controls_6595b64144ccf1df_6.0.19041.1110_none_60b5254171f9507e;C:\Program Files\Greenfoot\jdk\bin\server;C:\Program Files (x86)\NetSupport\NetSupport School;C:\Program Files\Greenfoot\lib\javafx\bin;C:\windows\System32\DriverStore\FileRepository\iigd_dch.inf_amd64_d2f0a3eba63ed3e3

VM Arguments:
jvm_args: -XX:MaxGCPauseMillis=50 -agentlib:jdwp=transport=dt_shmem,address=javadebug -Dfile.encoding=UTF-8 
java_command: bluej.runtime.ExecServer UTF-8
java_class_path (initial): C:\Program Files\Greenfoot\lib\greenfoot.jar;C:\Program Files\Greenfoot\lib\bluejcore.jar;C:\Program Files\Greenfoot\lib\bluejeditor.jar;C:\Program Files\Greenfoot\lib\bluejext2.jar;C:\Program Files\Greenfoot\lib\junit-jupiter-5.5.2.jar;C:\Program Files\Greenfoot\lib\junit-jupiter-api-5.5.2.jar;C:\Program Files\Greenfoot\lib\junit-jupiter-engine-5.5.2.jar;C:\Program Files\Greenfoot\lib\junit-jupiter-migrationsupport-5.5.2.jar;C:\Program Files\Greenfoot\lib\junit-jupiter-params-5.5.2.jar;C:\Program Files\Greenfoot\lib\junit-platform-commons-1.5.2.jar;C:\Program Files\Greenfoot\lib\junit-platform-console-1.5.2.jar;C:\Program Files\Greenfoot\lib\junit-platform-console-standalone-1.5.2.jar;C:\Program Files\Greenfoot\lib\junit-platform-engine-1.5.2.jar;C:\Program Files\Greenfoot\lib\junit-platform-launcher-1.5.2.jar;C:\Program Files\Greenfoot\lib\junit-platform-reporting-1.5.2.jar;C:\Program Files\Greenfoot\lib\junit-platform-runner-1.5.2.jar;C:\Program Files\Greenfoot\lib\junit-platform-suite-api-1.5.2.jar;C:\Program Files\Greenfoot\lib\junit-platform-testkit-1.5.2.jar;C:\Program Files\Greenfoot\lib\junit-quickcheck-core-0.9.jar;C:\Program Files\Greenfoot\lib\junit-vintage-engine-5.5.2.jar;C:\Program Files\Greenfoot\lib\hamcrest-core-1.3.jar;C:\Program Files\Greenfoot\lib\bluej.jar;C:\Program Files\Greenfoot\lib\classgraph-4.8.90.jar;C:\Program Files\Greenfoot\lib\diffutils-1.2.1.jar;C:\Program Files\Greenfoot\lib\commons-logging-api-1.1.2.jar;C:\Program Files\Greenfoot\lib\jl1.0.1.jar;C:\Program Files\Greenfoot\lib\opencsv-2.3.jar;C:\Program Files\Greenfoot\lib\xom-1.2.9.jar;C:\Program Files\Greenfoot\lib\lang-stride.jar;C:\Program Files\Greenfoot\lib\nsmenufx-2.1.8.jar;C:\Program Files\Greenfoot\lib\richtextfx-fat-0.9.0.jar;C:\Program Files\Greenfoot\lib\guava-17.0.jar;C:\Program Files\Greenfoot\lib\httpclient-4.1.1.jar;C:\Program Files\Greenfoot\lib\httpcore-4.1.jar;C:\Program Files\Greenfoot\lib\httpmime-4.1.1.jar;C:\Program Files\Greenf
Launcher Type: SUN_STANDARD

[Global flags]
     intx CICompilerCount                          = 4                                         {product} {ergonomic}
     uint ConcGCThreads                            = 2                                         {product} {ergonomic}
     uint G1ConcRefinementThreads                  = 8                                         {product} {ergonomic}
   size_t G1HeapRegionSize                         = 1048576                                   {product} {ergonomic}
    uintx GCDrainStackTargetSize                   = 64                                        {product} {ergonomic}
   size_t InitialHeapSize                          = 266338304                                 {product} {ergonomic}
   size_t MarkStackSize                            = 4194304                                   {product} {ergonomic}
    uintx MaxGCPauseMillis                         = 50                                        {product} {command line}
   size_t MaxHeapSize                              = 4257218560                                {product} {ergonomic}
   size_t MaxNewSize                               = 2554331136                                {product} {ergonomic}
   size_t MinHeapDeltaBytes                        = 1048576                                   {product} {ergonomic}
    uintx NonNMethodCodeHeapSize                   = 5836300                                {pd product} {ergonomic}
    uintx NonProfiledCodeHeapSize                  = 122910970                              {pd product} {ergonomic}
    uintx ProfiledCodeHeapSize                     = 122910970                              {pd product} {ergonomic}
    uintx ReservedCodeCacheSize                    = 251658240                              {pd product} {ergonomic}
     bool SegmentedCodeCache                       = true                                      {product} {ergonomic}
     bool UseCompressedClassPointers               = true                                 {lp64_product} {ergonomic}
     bool UseCompressedOops                        = true                                 {lp64_product} {ergonomic}
     bool UseG1GC                                  = true                                      {product} {ergonomic}
     bool UseLargePagesIndividualAllocation        = false                                  {pd product} {ergonomic}

Logging:
Log output configuration:
 #0: stdout all=warning uptime,level,tags
 #1: stderr all=off uptime,level,tags

Environment Variables:
PATH=C:\app\Administrator\product\18.0.0\dbhomeXE\bin;C:\Users\Administrator\Downloads\WINDOWS.X64_193000_db_home\bin;C:\Program Files (x86)\VMware\VMware Player\bin\;C:\Program Files\Common Files\Oracle\Java\javapath;C:\windows\system32;C:\windows;C:\windows\System32\Wbem;C:\windows\System32\WindowsPowerShell\v1.0\;C:\windows\System32\OpenSSH\;C:\Program Files\dotnet\;C:\Program Files\Microsoft VS Code\bin;C:\Program Files\Git\cmd;C:\Program Files (x86)\Microsoft SQL Server\150\DTS\Binn\;C:\Program Files\Microsoft SQL Server\150\DTS\Binn\;C:\Program Files\Microsoft SQL Server\Client SDK\ODBC\170\Tools\Binn\;C:\Program Files (x86)\Microsoft SQL Server\150\Tools\Binn\;C:\Program Files\Microsoft SQL Server\150\Tools\Binn\;C:\Program Files\Microsoft SQL Server\110\Tools\Binn\;C:\windows\CCM;C:\Users\Administrator\AppData\Local\Microsoft\WindowsApps;
USERNAME=Administrator
OS=Windows_NT
PROCESSOR_IDENTIFIER=Intel64 Family 6 Model 158 Stepping 9, GenuineIntel



---------------  S Y S T E M  ---------------

OS: Windows 10 , 64 bit Build 19041 (10.0.19041.1151)
OS uptime: 0 days 0:28 hours
Hyper-V role detected

CPU:total 8 (initial active 8) (4 cores per cpu, 2 threads per core) family 6 model 158 stepping 9 microcode 0xb4, cmov, cx8, fxsr, mmx, sse, sse2, sse3, ssse3, sse4.1, sse4.2, popcnt, avx, avx2, aes, clmul, erms, rtm, 3dnowpref, lzcnt, ht, tsc, tscinvbit, bmi1, bmi2, adx, fma

Memory: 4k page, system-wide physical 16235M (332M free)
TotalPageFile size 46376M (AvailPageFile size 6M)
current process WorkingSet (physical memory assigned to process): 149M, peak: 368M
current process commit charge ("private bytes"): 306M, peak: 451M

vm_info: OpenJDK 64-Bit Server VM (11.0.10+9) for windows-amd64 JRE (11.0.10+9), built on Jan 20 2021 06:07:07 by "" with MS VC++ 15.9 (VS2017)

END.
