#
# There is insufficient memory for the Java Runtime Environment to continue.
# Native memory allocation (mmap) failed to map 266338304 bytes for Failed to commit area from 0x0000000702400000 to 0x0000000712200000 of length 266338304.
# Possible reasons:
#   The system is out of physical RAM or swap space
#   The process is running with CompressedOops enabled, and the Java Heap may be blocking the growth of the native heap
# Possible solutions:
#   Reduce memory load on the system
#   Increase physical memory or swap space
#   Check if swap backing store is full
#   Decrease Java heap size (-Xmx/-Xms)
#   Decrease number of Java threads
#   Decrease Java thread stack sizes (-Xss)
#   Set larger code cache with -XX:ReservedCodeCacheSize=
# This output file may be truncated or incomplete.
#
#  Out of Memory Error (./src/hotspot/os/windows/os_windows.cpp:3301), pid=14700, tid=11936
#
# JRE version:  (11.0.10+9) (build )
# Java VM: OpenJDK 64-Bit Server VM (11.0.10+9, mixed mode, sharing, tiered, compressed oops, g1 gc, windows-amd64)
# No core dump will be written. Minidumps are not enabled by default on client versions of Windows
#

---------------  S U M M A R Y ------------

Command Line: -XX:MaxGCPauseMillis=50 -agentlib:jdwp=transport=dt_socket,address=127.0.0.1:52480 -Dfile.encoding=UTF-8 bluej.runtime.ExecServer UTF-8

Host: Intel(R) Core(TM) i7-7700 CPU @ 3.60GHz, 8 cores, 15G,  Windows 10 , 64 bit Build 19041 (10.0.19041.1151)
Time: Wed Nov 17 14:26:39 2021 Eastern Standard Time elapsed time: 0.010792 seconds (0d 0h 0m 0s)

---------------  T H R E A D  ---------------

Current thread (0x0000022b2c10f000):  JavaThread "Unknown thread" [_thread_in_vm, id=11936, stack(0x0000006523400000,0x0000006523500000)]

Stack: [0x0000006523400000,0x0000006523500000]
Native frames: (J=compiled Java code, j=interpreted, Vv=VM code, C=native code)
V  [jvm.dll+0x5f35ea]
V  [jvm.dll+0x77c65e]
V  [jvm.dll+0x77dd2f]
V  [jvm.dll+0x77e3f3]
V  [jvm.dll+0x246c38]
V  [jvm.dll+0x5f079a]
V  [jvm.dll+0x5e53c5]
V  [jvm.dll+0x2fba4c]
V  [jvm.dll+0x2fb8d2]
V  [jvm.dll+0x300586]
V  [jvm.dll+0x344cff]
V  [jvm.dll+0x344730]
V  [jvm.dll+0x2d8cb8]
V  [jvm.dll+0x2d9e06]
V  [jvm.dll+0x757c77]
V  [jvm.dll+0x7593ff]
V  [jvm.dll+0x351a59]
V  [jvm.dll+0x73aea0]
V  [jvm.dll+0x3b929f]
V  [jvm.dll+0x3bb7a1]
C  [jli.dll+0x520b]
C  [ucrtbase.dll+0x21bb2]
C  [KERNEL32.DLL+0x17034]
C  [ntdll.dll+0x52651]


---------------  P R O C E S S  ---------------

Threads class SMR info:
_java_thread_list=0x0000022b2bf08c70, length=0, elements={
}

Java Threads: ( => current thread )

Other Threads:
  0x0000022b2c127000 GCTaskThread "GC Thread#0" [stack: 0x0000006523500000,0x0000006523600000] [id=4500]
  0x0000022b2c188800 ConcurrentGCThread "G1 Main Marker" [stack: 0x0000006523600000,0x0000006523700000] [id=14492]
  0x0000022b2c18a000 ConcurrentGCThread "G1 Conc#0" [stack: 0x0000006523700000,0x0000006523800000] [id=15944]

[error occurred during error reporting (printing all threads), id 0xc0000005, EXCEPTION_ACCESS_VIOLATION (0xc0000005) at pc=0x00007ffac2798337]

VM state:not at safepoint (not fully initialized)

VM Mutex/Monitor currently owned by a thread:  ([mutex/lock_event])
[0x0000022b2c10c930] Heap_lock - owner thread: 0x0000022b2c10f000

Heap address: 0x0000000702400000, size: 4060 MB, Compressed Oops mode: Non-zero based: 0x0000000702400000
Narrow klass base: 0x0000000000000000, Narrow klass shift: 0

GC Heap History (0 events):
No events

Deoptimization events (0 events):
No events

Classes redefined (0 events):
No events

Internal exceptions (0 events):
No events

Events (1 events):
Event: 0.007 Loaded shared library C:\Program Files\Greenfoot\jdk\bin\zip.dll


Dynamic libraries:
0x00007ff7706a0000 - 0x00007ff7706ad000 	C:\Program Files\Greenfoot\jdk\bin\java.exe
0x00007ffb43d50000 - 0x00007ffb43f45000 	C:\windows\SYSTEM32\ntdll.dll
0x00007ffb42d80000 - 0x00007ffb42e3d000 	C:\windows\System32\KERNEL32.DLL
0x00007ffb418c0000 - 0x00007ffb41b89000 	C:\windows\System32\KERNELBASE.dll
0x00007ffb3ed10000 - 0x00007ffb3eda0000 	C:\windows\SYSTEM32\apphelp.dll
0x00007ffb417c0000 - 0x00007ffb418c0000 	C:\windows\System32\ucrtbase.dll
0x00007ffb351e0000 - 0x00007ffb351f5000 	C:\Program Files\Greenfoot\jdk\bin\VCRUNTIME140.dll
0x00007ffb3d100000 - 0x00007ffb3d117000 	C:\Program Files\Greenfoot\jdk\bin\jli.dll
0x00007ffb437d0000 - 0x00007ffb43970000 	C:\windows\System32\USER32.dll
0x00007ffb41740000 - 0x00007ffb41762000 	C:\windows\System32\win32u.dll
0x00007ffb425c0000 - 0x00007ffb425ea000 	C:\windows\System32\GDI32.dll
0x00007ffb28da0000 - 0x00007ffb2903a000 	C:\windows\WinSxS\amd64_microsoft.windows.common-controls_6595b64144ccf1df_6.0.19041.1110_none_60b5254171f9507e\COMCTL32.dll
0x00007ffb41b90000 - 0x00007ffb41c9b000 	C:\windows\System32\gdi32full.dll
0x00007ffb434a0000 - 0x00007ffb4353e000 	C:\windows\System32\msvcrt.dll
0x00007ffb41540000 - 0x00007ffb415dd000 	C:\windows\System32\msvcp_win.dll
0x00007ffb42b80000 - 0x00007ffb42bb0000 	C:\windows\System32\IMM32.DLL
0x00007ffb13a50000 - 0x00007ffb13aeb000 	C:\Program Files\Greenfoot\jdk\bin\msvcp140.dll
0x00007ffac24b0000 - 0x00007ffac2ff3000 	C:\Program Files\Greenfoot\jdk\bin\server\jvm.dll
0x00007ffb43970000 - 0x00007ffb43a1c000 	C:\windows\System32\ADVAPI32.dll
0x00007ffb43730000 - 0x00007ffb437cb000 	C:\windows\System32\sechost.dll
0x00007ffb435a0000 - 0x00007ffb436ca000 	C:\windows\System32\RPCRT4.dll
0x00007ffb424f0000 - 0x00007ffb424f8000 	C:\windows\System32\PSAPI.DLL
0x00007ffb1eef0000 - 0x00007ffb1ef17000 	C:\windows\SYSTEM32\WINMM.dll
0x00007ffb32730000 - 0x00007ffb32739000 	C:\windows\SYSTEM32\WSOCK32.dll
0x00007ffb3bcc0000 - 0x00007ffb3bcca000 	C:\windows\SYSTEM32\VERSION.dll
0x00007ffb433b0000 - 0x00007ffb4341b000 	C:\windows\System32\WS2_32.dll
0x00007ffb3f370000 - 0x00007ffb3f382000 	C:\windows\SYSTEM32\kernel.appcore.dll
0x00007ffb3cfb0000 - 0x00007ffb3cfc0000 	C:\Program Files\Greenfoot\jdk\bin\verify.dll
0x00007ffb37f60000 - 0x00007ffb38144000 	C:\windows\SYSTEM32\DBGHELP.DLL
0x00007ffb37e80000 - 0x00007ffb37eac000 	C:\windows\SYSTEM32\dbgcore.DLL
0x00007ffb41480000 - 0x00007ffb41503000 	C:\windows\System32\bcryptPrimitives.dll
0x00007ffb32d00000 - 0x00007ffb32d28000 	C:\Program Files\Greenfoot\jdk\bin\java.dll
0x00007ffb351d0000 - 0x00007ffb351da000 	C:\Program Files\Greenfoot\jdk\bin\jimage.dll
0x00007ffb35080000 - 0x00007ffb350b8000 	C:\Program Files\Greenfoot\jdk\bin\jdwp.dll
0x00007ffb35010000 - 0x00007ffb35027000 	C:\Program Files\Greenfoot\jdk\bin\zip.dll

dbghelp: loaded successfully - version: 4.0.5 - missing functions: none
symbol engine: initialized successfully - sym options: 0x614 - pdb path: .;C:\Program Files\Greenfoot\jdk\bin;C:\windows\SYSTEM32;C:\windows\WinSxS\amd64_microsoft.windows.common-controls_6595b64144ccf1df_6.0.19041.1110_none_60b5254171f9507e;C:\Program Files\Greenfoot\jdk\bin\server

VM Arguments:
jvm_args: -XX:MaxGCPauseMillis=50 -agentlib:jdwp=transport=dt_socket,address=127.0.0.1:52480 -Dfile.encoding=UTF-8 
java_command: bluej.runtime.ExecServer UTF-8
java_class_path (initial): C:\Program Files\Greenfoot\lib\greenfoot.jar;C:\Program Files\Greenfoot\lib\bluejcore.jar;C:\Program Files\Greenfoot\lib\bluejeditor.jar;C:\Program Files\Greenfoot\lib\bluejext2.jar;C:\Program Files\Greenfoot\lib\junit-jupiter-5.5.2.jar;C:\Program Files\Greenfoot\lib\junit-jupiter-api-5.5.2.jar;C:\Program Files\Greenfoot\lib\junit-jupiter-engine-5.5.2.jar;C:\Program Files\Greenfoot\lib\junit-jupiter-migrationsupport-5.5.2.jar;C:\Program Files\Greenfoot\lib\junit-jupiter-params-5.5.2.jar;C:\Program Files\Greenfoot\lib\junit-platform-commons-1.5.2.jar;C:\Program Files\Greenfoot\lib\junit-platform-console-1.5.2.jar;C:\Program Files\Greenfoot\lib\junit-platform-console-standalone-1.5.2.jar;C:\Program Files\Greenfoot\lib\junit-platform-engine-1.5.2.jar;C:\Program Files\Greenfoot\lib\junit-platform-launcher-1.5.2.jar;C:\Program Files\Greenfoot\lib\junit-platform-reporting-1.5.2.jar;C:\Program Files\Greenfoot\lib\junit-platform-runner-1.5.2.jar;C:\Program Files\Greenfoot\lib\junit-platform-suite-api-1.5.2.jar;C:\Program Files\Greenfoot\lib\junit-platform-testkit-1.5.2.jar;C:\Program Files\Greenfoot\lib\junit-quickcheck-core-0.9.jar;C:\Program Files\Greenfoot\lib\junit-vintage-engine-5.5.2.jar;C:\Program Files\Greenfoot\lib\hamcrest-core-1.3.jar;C:\Program Files\Greenfoot\lib\bluej.jar;C:\Program Files\Greenfoot\lib\classgraph-4.8.90.jar;C:\Program Files\Greenfoot\lib\diffutils-1.2.1.jar;C:\Program Files\Greenfoot\lib\commons-logging-api-1.1.2.jar;C:\Program Files\Greenfoot\lib\jl1.0.1.jar;C:\Program Files\Greenfoot\lib\opencsv-2.3.jar;C:\Program Files\Greenfoot\lib\xom-1.2.9.jar;C:\Program Files\Greenfoot\lib\lang-stride.jar;C:\Program Files\Greenfoot\lib\nsmenufx-2.1.8.jar;C:\Program Files\Greenfoot\lib\richtextfx-fat-0.9.0.jar;C:\Program Files\Greenfoot\lib\guava-17.0.jar;C:\Program Files\Greenfoot\lib\httpclient-4.1.1.jar;C:\Program Files\Greenfoot\lib\httpcore-4.1.jar;C:\Program Files\Greenfoot\lib\httpmime-4.1.1.jar;C:\Program Files\Greenf
Launcher Type: SUN_STANDARD

[Global flags]
     intx CICompilerCount                          = 4                                         {product} {ergonomic}
     uint ConcGCThreads                            = 2                                         {product} {ergonomic}
     uint G1ConcRefinementThreads                  = 8                                         {product} {ergonomic}
   size_t G1HeapRegionSize                         = 1048576                                   {product} {ergonomic}
    uintx GCDrainStackTargetSize                   = 64                                        {product} {ergonomic}
   size_t InitialHeapSize                          = 266338304                                 {product} {ergonomic}
   size_t MarkStackSize                            = 4194304                                   {product} {ergonomic}
    uintx MaxGCPauseMillis                         = 50                                        {product} {command line}
   size_t MaxHeapSize                              = 4257218560                                {product} {ergonomic}
   size_t MinHeapDeltaBytes                        = 1048576                                   {product} {ergonomic}
    uintx NonNMethodCodeHeapSize                   = 5836300                                {pd product} {ergonomic}
    uintx NonProfiledCodeHeapSize                  = 122910970                              {pd product} {ergonomic}
    uintx ProfiledCodeHeapSize                     = 122910970                              {pd product} {ergonomic}
    uintx ReservedCodeCacheSize                    = 251658240                              {pd product} {ergonomic}
     bool SegmentedCodeCache                       = true                                      {product} {ergonomic}
     bool UseCompressedClassPointers               = true                                 {lp64_product} {ergonomic}
     bool UseCompressedOops                        = true                                 {lp64_product} {ergonomic}
     bool UseG1GC                                  = true                                      {product} {ergonomic}
     bool UseLargePagesIndividualAllocation        = false                                  {pd product} {ergonomic}

Logging:
Log output configuration:
 #0: stdout all=warning uptime,level,tags
 #1: stderr all=off uptime,level,tags

Environment Variables:
PATH=C:\app\Administrator\product\18.0.0\dbhomeXE\bin;C:\Users\Administrator\Downloads\WINDOWS.X64_193000_db_home\bin;C:\Program Files (x86)\VMware\VMware Player\bin\;C:\Program Files\Common Files\Oracle\Java\javapath;C:\windows\system32;C:\windows;C:\windows\System32\Wbem;C:\windows\System32\WindowsPowerShell\v1.0\;C:\windows\System32\OpenSSH\;C:\Program Files\dotnet\;C:\Program Files\Microsoft VS Code\bin;C:\Program Files\Git\cmd;C:\Program Files (x86)\Microsoft SQL Server\150\DTS\Binn\;C:\Program Files\Microsoft SQL Server\150\DTS\Binn\;C:\Program Files\Microsoft SQL Server\Client SDK\ODBC\170\Tools\Binn\;C:\Program Files (x86)\Microsoft SQL Server\150\Tools\Binn\;C:\Program Files\Microsoft SQL Server\150\Tools\Binn\;C:\Program Files\Microsoft SQL Server\110\Tools\Binn\;C:\windows\CCM;C:\Users\Administrator\AppData\Local\Microsoft\WindowsApps;
USERNAME=Administrator
OS=Windows_NT
PROCESSOR_IDENTIFIER=Intel64 Family 6 Model 158 Stepping 9, GenuineIntel



---------------  S Y S T E M  ---------------

OS: Windows 10 , 64 bit Build 19041 (10.0.19041.1151)
OS uptime: 0 days 0:28 hours
Hyper-V role detected

CPU:total 8 (initial active 8) (4 cores per cpu, 2 threads per core) family 6 model 158 stepping 9 microcode 0xb4, cmov, cx8, fxsr, mmx, sse, sse2, sse3, ssse3, sse4.1, sse4.2, popcnt, avx, avx2, aes, clmul, erms, rtm, 3dnowpref, lzcnt, ht, tsc, tscinvbit, bmi1, bmi2, adx, fma

Memory: 4k page, system-wide physical 16235M (366M free)
TotalPageFile size 46376M (AvailPageFile size 210M)
current process WorkingSet (physical memory assigned to process): 10M, peak: 10M
current process commit charge ("private bytes"): 61M, peak: 315M

vm_info: OpenJDK 64-Bit Server VM (11.0.10+9) for windows-amd64 JRE (11.0.10+9), built on Jan 20 2021 06:07:07 by "" with MS VC++ 15.9 (VS2017)

END.
